05-May-2020 16:06:21.866 INFO [main] org.apache.catalina.startup.VersionLoggerListener.log Server version name:   Apache Tomcat/9.0.34
05-May-2020 16:06:21.871 INFO [main] org.apache.catalina.startup.VersionLoggerListener.log Server built:          Apr 3 2020 12:02:52 UTC
05-May-2020 16:06:21.871 INFO [main] org.apache.catalina.startup.VersionLoggerListener.log Server version number: 9.0.34.0
05-May-2020 16:06:21.871 INFO [main] org.apache.catalina.startup.VersionLoggerListener.log OS Name:               Mac OS X
05-May-2020 16:06:21.871 INFO [main] org.apache.catalina.startup.VersionLoggerListener.log OS Version:            10.13.6
05-May-2020 16:06:21.871 INFO [main] org.apache.catalina.startup.VersionLoggerListener.log Architecture:          x86_64
05-May-2020 16:06:21.872 INFO [main] org.apache.catalina.startup.VersionLoggerListener.log Java Home:             /Library/Java/JavaVirtualMachines/jdk-11.0.1.jdk/Contents/Home
05-May-2020 16:06:21.872 INFO [main] org.apache.catalina.startup.VersionLoggerListener.log JVM Version:           11.0.1+13-LTS
05-May-2020 16:06:21.872 INFO [main] org.apache.catalina.startup.VersionLoggerListener.log JVM Vendor:            Oracle Corporation
05-May-2020 16:06:21.872 INFO [main] org.apache.catalina.startup.VersionLoggerListener.log CATALINA_BASE:         /Users/raymondcheng/Documents/HKUST/Year 2/2020 Spring/COMP 4321/Project/jsp_test/apache-tomcat-9.0.34
05-May-2020 16:06:21.872 INFO [main] org.apache.catalina.startup.VersionLoggerListener.log CATALINA_HOME:         /Users/raymondcheng/Documents/HKUST/Year 2/2020 Spring/COMP 4321/Project/jsp_test/apache-tomcat-9.0.34
05-May-2020 16:06:21.895 INFO [main] org.apache.catalina.startup.VersionLoggerListener.log Command line argument: --add-opens=java.base/java.lang=ALL-UNNAMED
05-May-2020 16:06:21.895 INFO [main] org.apache.catalina.startup.VersionLoggerListener.log Command line argument: --add-opens=java.base/java.io=ALL-UNNAMED
05-May-2020 16:06:21.895 INFO [main] org.apache.catalina.startup.VersionLoggerListener.log Command line argument: --add-opens=java.rmi/sun.rmi.transport=ALL-UNNAMED
05-May-2020 16:06:21.896 INFO [main] org.apache.catalina.startup.VersionLoggerListener.log Command line argument: -Djava.util.logging.config.file=/Users/raymondcheng/Documents/HKUST/Year 2/2020 Spring/COMP 4321/Project/jsp_test/apache-tomcat-9.0.34/conf/logging.properties
05-May-2020 16:06:21.896 INFO [main] org.apache.catalina.startup.VersionLoggerListener.log Command line argument: -Djava.util.logging.manager=org.apache.juli.ClassLoaderLogManager
05-May-2020 16:06:21.896 INFO [main] org.apache.catalina.startup.VersionLoggerListener.log Command line argument: -Djdk.tls.ephemeralDHKeySize=2048
05-May-2020 16:06:21.896 INFO [main] org.apache.catalina.startup.VersionLoggerListener.log Command line argument: -Djava.protocol.handler.pkgs=org.apache.catalina.webresources
05-May-2020 16:06:21.896 INFO [main] org.apache.catalina.startup.VersionLoggerListener.log Command line argument: -Dorg.apache.catalina.security.SecurityListener.UMASK=0027
05-May-2020 16:06:21.896 INFO [main] org.apache.catalina.startup.VersionLoggerListener.log Command line argument: -Dignore.endorsed.dirs=
05-May-2020 16:06:21.896 INFO [main] org.apache.catalina.startup.VersionLoggerListener.log Command line argument: -Dcatalina.base=/Users/raymondcheng/Documents/HKUST/Year 2/2020 Spring/COMP 4321/Project/jsp_test/apache-tomcat-9.0.34
05-May-2020 16:06:21.896 INFO [main] org.apache.catalina.startup.VersionLoggerListener.log Command line argument: -Dcatalina.home=/Users/raymondcheng/Documents/HKUST/Year 2/2020 Spring/COMP 4321/Project/jsp_test/apache-tomcat-9.0.34
05-May-2020 16:06:21.897 INFO [main] org.apache.catalina.startup.VersionLoggerListener.log Command line argument: -Djava.io.tmpdir=/Users/raymondcheng/Documents/HKUST/Year 2/2020 Spring/COMP 4321/Project/jsp_test/apache-tomcat-9.0.34/temp
05-May-2020 16:06:21.897 INFO [main] org.apache.catalina.core.AprLifecycleListener.lifecycleEvent The APR based Apache Tomcat Native library which allows optimal performance in production environments was not found on the java.library.path: [/Users/raymondcheng/Library/Java/Extensions:/Library/Java/Extensions:/Network/Library/Java/Extensions:/System/Library/Java/Extensions:/usr/lib/java:.]
05-May-2020 16:06:22.163 INFO [main] org.apache.coyote.AbstractProtocol.init Initializing ProtocolHandler ["http-nio-8080"]
05-May-2020 16:06:22.200 INFO [main] org.apache.catalina.startup.Catalina.load Server initialization in [549] milliseconds
05-May-2020 16:06:22.254 INFO [main] org.apache.catalina.core.StandardService.startInternal Starting service [Catalina]
05-May-2020 16:06:22.254 INFO [main] org.apache.catalina.core.StandardEngine.startInternal Starting Servlet engine: [Apache Tomcat/9.0.34]
05-May-2020 16:06:22.264 INFO [main] org.apache.catalina.startup.HostConfig.deployDirectory Deploying web application directory [/Users/raymondcheng/Documents/HKUST/Year 2/2020 Spring/COMP 4321/Project/jsp_test/apache-tomcat-9.0.34/webapps/docs]
05-May-2020 16:06:22.491 INFO [main] org.apache.catalina.startup.HostConfig.deployDirectory Deployment of web application directory [/Users/raymondcheng/Documents/HKUST/Year 2/2020 Spring/COMP 4321/Project/jsp_test/apache-tomcat-9.0.34/webapps/docs] has finished in [227] ms
05-May-2020 16:06:22.492 INFO [main] org.apache.catalina.startup.HostConfig.deployDirectory Deploying web application directory [/Users/raymondcheng/Documents/HKUST/Year 2/2020 Spring/COMP 4321/Project/jsp_test/apache-tomcat-9.0.34/webapps/manager]
05-May-2020 16:06:22.521 INFO [main] org.apache.catalina.startup.HostConfig.deployDirectory Deployment of web application directory [/Users/raymondcheng/Documents/HKUST/Year 2/2020 Spring/COMP 4321/Project/jsp_test/apache-tomcat-9.0.34/webapps/manager] has finished in [28] ms
05-May-2020 16:06:22.521 INFO [main] org.apache.catalina.startup.HostConfig.deployDirectory Deploying web application directory [/Users/raymondcheng/Documents/HKUST/Year 2/2020 Spring/COMP 4321/Project/jsp_test/apache-tomcat-9.0.34/webapps/examples]
05-May-2020 16:06:22.751 INFO [main] org.apache.catalina.startup.HostConfig.deployDirectory Deployment of web application directory [/Users/raymondcheng/Documents/HKUST/Year 2/2020 Spring/COMP 4321/Project/jsp_test/apache-tomcat-9.0.34/webapps/examples] has finished in [230] ms
05-May-2020 16:06:22.751 INFO [main] org.apache.catalina.startup.HostConfig.deployDirectory Deploying web application directory [/Users/raymondcheng/Documents/HKUST/Year 2/2020 Spring/COMP 4321/Project/jsp_test/apache-tomcat-9.0.34/webapps/ROOT]
05-May-2020 16:06:22.766 INFO [main] org.apache.catalina.startup.HostConfig.deployDirectory Deployment of web application directory [/Users/raymondcheng/Documents/HKUST/Year 2/2020 Spring/COMP 4321/Project/jsp_test/apache-tomcat-9.0.34/webapps/ROOT] has finished in [15] ms
05-May-2020 16:06:22.766 INFO [main] org.apache.catalina.startup.HostConfig.deployDirectory Deploying web application directory [/Users/raymondcheng/Documents/HKUST/Year 2/2020 Spring/COMP 4321/Project/jsp_test/apache-tomcat-9.0.34/webapps/host-manager]
05-May-2020 16:06:22.784 INFO [main] org.apache.catalina.startup.HostConfig.deployDirectory Deployment of web application directory [/Users/raymondcheng/Documents/HKUST/Year 2/2020 Spring/COMP 4321/Project/jsp_test/apache-tomcat-9.0.34/webapps/host-manager] has finished in [17] ms
05-May-2020 16:06:22.789 INFO [main] org.apache.coyote.AbstractProtocol.start Starting ProtocolHandler ["http-nio-8080"]
05-May-2020 16:06:22.797 INFO [main] org.apache.catalina.startup.Catalina.start Server startup in [597] milliseconds
05-May-2020 16:07:06.256 INFO [main] org.apache.catalina.core.StandardServer.await A valid shutdown command was received via the shutdown port. Stopping the Server instance.
05-May-2020 16:07:06.256 INFO [main] org.apache.coyote.AbstractProtocol.pause Pausing ProtocolHandler ["http-nio-8080"]
05-May-2020 16:07:06.264 INFO [main] org.apache.catalina.core.StandardService.stopInternal Stopping service [Catalina]
05-May-2020 16:07:06.289 INFO [main] org.apache.coyote.AbstractProtocol.stop Stopping ProtocolHandler ["http-nio-8080"]
05-May-2020 16:07:06.292 INFO [main] org.apache.coyote.AbstractProtocol.destroy Destroying ProtocolHandler ["http-nio-8080"]
05-May-2020 16:09:55.145 INFO [main] org.apache.catalina.startup.VersionLoggerListener.log Server version name:   Apache Tomcat/9.0.34
05-May-2020 16:09:55.150 INFO [main] org.apache.catalina.startup.VersionLoggerListener.log Server built:          Apr 3 2020 12:02:52 UTC
05-May-2020 16:09:55.150 INFO [main] org.apache.catalina.startup.VersionLoggerListener.log Server version number: 9.0.34.0
05-May-2020 16:09:55.150 INFO [main] org.apache.catalina.startup.VersionLoggerListener.log OS Name:               Mac OS X
05-May-2020 16:09:55.150 INFO [main] org.apache.catalina.startup.VersionLoggerListener.log OS Version:            10.13.6
05-May-2020 16:09:55.150 INFO [main] org.apache.catalina.startup.VersionLoggerListener.log Architecture:          x86_64
05-May-2020 16:09:55.150 INFO [main] org.apache.catalina.startup.VersionLoggerListener.log Java Home:             /Library/Java/JavaVirtualMachines/jdk-11.0.1.jdk/Contents/Home
05-May-2020 16:09:55.151 INFO [main] org.apache.catalina.startup.VersionLoggerListener.log JVM Version:           11.0.1+13-LTS
05-May-2020 16:09:55.151 INFO [main] org.apache.catalina.startup.VersionLoggerListener.log JVM Vendor:            Oracle Corporation
05-May-2020 16:09:55.151 INFO [main] org.apache.catalina.startup.VersionLoggerListener.log CATALINA_BASE:         /Users/raymondcheng/Documents/HKUST/Year 2/2020 Spring/COMP 4321/Project/jsp_test/apache-tomcat-9.0.34
05-May-2020 16:09:55.151 INFO [main] org.apache.catalina.startup.VersionLoggerListener.log CATALINA_HOME:         /Users/raymondcheng/Documents/HKUST/Year 2/2020 Spring/COMP 4321/Project/jsp_test/apache-tomcat-9.0.34
05-May-2020 16:09:55.168 INFO [main] org.apache.catalina.startup.VersionLoggerListener.log Command line argument: --add-opens=java.base/java.lang=ALL-UNNAMED
05-May-2020 16:09:55.168 INFO [main] org.apache.catalina.startup.VersionLoggerListener.log Command line argument: --add-opens=java.base/java.io=ALL-UNNAMED
05-May-2020 16:09:55.168 INFO [main] org.apache.catalina.startup.VersionLoggerListener.log Command line argument: --add-opens=java.rmi/sun.rmi.transport=ALL-UNNAMED
05-May-2020 16:09:55.168 INFO [main] org.apache.catalina.startup.VersionLoggerListener.log Command line argument: -Djava.util.logging.config.file=/Users/raymondcheng/Documents/HKUST/Year 2/2020 Spring/COMP 4321/Project/jsp_test/apache-tomcat-9.0.34/conf/logging.properties
05-May-2020 16:09:55.169 INFO [main] org.apache.catalina.startup.VersionLoggerListener.log Command line argument: -Djava.util.logging.manager=org.apache.juli.ClassLoaderLogManager
05-May-2020 16:09:55.169 INFO [main] org.apache.catalina.startup.VersionLoggerListener.log Command line argument: -Djdk.tls.ephemeralDHKeySize=2048
05-May-2020 16:09:55.169 INFO [main] org.apache.catalina.startup.VersionLoggerListener.log Command line argument: -Djava.protocol.handler.pkgs=org.apache.catalina.webresources
05-May-2020 16:09:55.169 INFO [main] org.apache.catalina.startup.VersionLoggerListener.log Command line argument: -Dorg.apache.catalina.security.SecurityListener.UMASK=0027
05-May-2020 16:09:55.169 INFO [main] org.apache.catalina.startup.VersionLoggerListener.log Command line argument: -Dignore.endorsed.dirs=
05-May-2020 16:09:55.169 INFO [main] org.apache.catalina.startup.VersionLoggerListener.log Command line argument: -Dcatalina.base=/Users/raymondcheng/Documents/HKUST/Year 2/2020 Spring/COMP 4321/Project/jsp_test/apache-tomcat-9.0.34
05-May-2020 16:09:55.169 INFO [main] org.apache.catalina.startup.VersionLoggerListener.log Command line argument: -Dcatalina.home=/Users/raymondcheng/Documents/HKUST/Year 2/2020 Spring/COMP 4321/Project/jsp_test/apache-tomcat-9.0.34
05-May-2020 16:09:55.170 INFO [main] org.apache.catalina.startup.VersionLoggerListener.log Command line argument: -Djava.io.tmpdir=/Users/raymondcheng/Documents/HKUST/Year 2/2020 Spring/COMP 4321/Project/jsp_test/apache-tomcat-9.0.34/temp
05-May-2020 16:09:55.170 INFO [main] org.apache.catalina.core.AprLifecycleListener.lifecycleEvent The APR based Apache Tomcat Native library which allows optimal performance in production environments was not found on the java.library.path: [/Users/raymondcheng/Library/Java/Extensions:/Library/Java/Extensions:/Network/Library/Java/Extensions:/System/Library/Java/Extensions:/usr/lib/java:.]
05-May-2020 16:09:55.439 INFO [main] org.apache.coyote.AbstractProtocol.init Initializing ProtocolHandler ["http-nio-8080"]
05-May-2020 16:09:55.473 INFO [main] org.apache.catalina.startup.Catalina.load Server initialization in [547] milliseconds
05-May-2020 16:09:55.525 INFO [main] org.apache.catalina.core.StandardService.startInternal Starting service [Catalina]
05-May-2020 16:09:55.525 INFO [main] org.apache.catalina.core.StandardEngine.startInternal Starting Servlet engine: [Apache Tomcat/9.0.34]
05-May-2020 16:09:55.536 INFO [main] org.apache.catalina.startup.HostConfig.deployDirectory Deploying web application directory [/Users/raymondcheng/Documents/HKUST/Year 2/2020 Spring/COMP 4321/Project/jsp_test/apache-tomcat-9.0.34/webapps/docs]
05-May-2020 16:09:55.791 INFO [main] org.apache.catalina.startup.HostConfig.deployDirectory Deployment of web application directory [/Users/raymondcheng/Documents/HKUST/Year 2/2020 Spring/COMP 4321/Project/jsp_test/apache-tomcat-9.0.34/webapps/docs] has finished in [255] ms
05-May-2020 16:09:55.791 INFO [main] org.apache.catalina.startup.HostConfig.deployDirectory Deploying web application directory [/Users/raymondcheng/Documents/HKUST/Year 2/2020 Spring/COMP 4321/Project/jsp_test/apache-tomcat-9.0.34/webapps/manager]
05-May-2020 16:09:55.831 INFO [main] org.apache.catalina.startup.HostConfig.deployDirectory Deployment of web application directory [/Users/raymondcheng/Documents/HKUST/Year 2/2020 Spring/COMP 4321/Project/jsp_test/apache-tomcat-9.0.34/webapps/manager] has finished in [40] ms
05-May-2020 16:09:55.832 INFO [main] org.apache.catalina.startup.HostConfig.deployDirectory Deploying web application directory [/Users/raymondcheng/Documents/HKUST/Year 2/2020 Spring/COMP 4321/Project/jsp_test/apache-tomcat-9.0.34/webapps/examples]
05-May-2020 16:09:56.099 INFO [main] org.apache.catalina.startup.HostConfig.deployDirectory Deployment of web application directory [/Users/raymondcheng/Documents/HKUST/Year 2/2020 Spring/COMP 4321/Project/jsp_test/apache-tomcat-9.0.34/webapps/examples] has finished in [266] ms
05-May-2020 16:09:56.099 INFO [main] org.apache.catalina.startup.HostConfig.deployDirectory Deploying web application directory [/Users/raymondcheng/Documents/HKUST/Year 2/2020 Spring/COMP 4321/Project/jsp_test/apache-tomcat-9.0.34/webapps/ROOT]
05-May-2020 16:09:56.118 INFO [main] org.apache.catalina.startup.HostConfig.deployDirectory Deployment of web application directory [/Users/raymondcheng/Documents/HKUST/Year 2/2020 Spring/COMP 4321/Project/jsp_test/apache-tomcat-9.0.34/webapps/ROOT] has finished in [19] ms
05-May-2020 16:09:56.118 INFO [main] org.apache.catalina.startup.HostConfig.deployDirectory Deploying web application directory [/Users/raymondcheng/Documents/HKUST/Year 2/2020 Spring/COMP 4321/Project/jsp_test/apache-tomcat-9.0.34/webapps/host-manager]
05-May-2020 16:09:56.137 INFO [main] org.apache.catalina.startup.HostConfig.deployDirectory Deployment of web application directory [/Users/raymondcheng/Documents/HKUST/Year 2/2020 Spring/COMP 4321/Project/jsp_test/apache-tomcat-9.0.34/webapps/host-manager] has finished in [18] ms
05-May-2020 16:09:56.143 INFO [main] org.apache.coyote.AbstractProtocol.start Starting ProtocolHandler ["http-nio-8080"]
05-May-2020 16:09:56.155 INFO [main] org.apache.catalina.startup.Catalina.start Server startup in [681] milliseconds
05-May-2020 16:10:05.674 INFO [main] org.apache.catalina.core.StandardServer.await A valid shutdown command was received via the shutdown port. Stopping the Server instance.
05-May-2020 16:10:05.675 INFO [main] org.apache.coyote.AbstractProtocol.pause Pausing ProtocolHandler ["http-nio-8080"]
05-May-2020 16:10:05.684 INFO [main] org.apache.catalina.core.StandardService.stopInternal Stopping service [Catalina]
05-May-2020 16:10:05.704 INFO [main] org.apache.coyote.AbstractProtocol.stop Stopping ProtocolHandler ["http-nio-8080"]
05-May-2020 16:10:05.708 INFO [main] org.apache.coyote.AbstractProtocol.destroy Destroying ProtocolHandler ["http-nio-8080"]
05-May-2020 16:29:32.963 INFO [main] org.apache.catalina.startup.VersionLoggerListener.log Server version name:   Apache Tomcat/9.0.34
05-May-2020 16:29:32.967 INFO [main] org.apache.catalina.startup.VersionLoggerListener.log Server built:          Apr 3 2020 12:02:52 UTC
05-May-2020 16:29:32.968 INFO [main] org.apache.catalina.startup.VersionLoggerListener.log Server version number: 9.0.34.0
05-May-2020 16:29:32.968 INFO [main] org.apache.catalina.startup.VersionLoggerListener.log OS Name:               Mac OS X
05-May-2020 16:29:32.968 INFO [main] org.apache.catalina.startup.VersionLoggerListener.log OS Version:            10.13.6
05-May-2020 16:29:32.968 INFO [main] org.apache.catalina.startup.VersionLoggerListener.log Architecture:          x86_64
05-May-2020 16:29:32.968 INFO [main] org.apache.catalina.startup.VersionLoggerListener.log Java Home:             /Library/Java/JavaVirtualMachines/jdk-11.0.1.jdk/Contents/Home
05-May-2020 16:29:32.969 INFO [main] org.apache.catalina.startup.VersionLoggerListener.log JVM Version:           11.0.1+13-LTS
05-May-2020 16:29:32.969 INFO [main] org.apache.catalina.startup.VersionLoggerListener.log JVM Vendor:            Oracle Corporation
05-May-2020 16:29:32.969 INFO [main] org.apache.catalina.startup.VersionLoggerListener.log CATALINA_BASE:         /Users/raymondcheng/Documents/HKUST/Year 2/2020 Spring/COMP 4321/Project/jsp_test/apache-tomcat-9.0.34
05-May-2020 16:29:32.969 INFO [main] org.apache.catalina.startup.VersionLoggerListener.log CATALINA_HOME:         /Users/raymondcheng/Documents/HKUST/Year 2/2020 Spring/COMP 4321/Project/jsp_test/apache-tomcat-9.0.34
05-May-2020 16:29:32.987 INFO [main] org.apache.catalina.startup.VersionLoggerListener.log Command line argument: --add-opens=java.base/java.lang=ALL-UNNAMED
05-May-2020 16:29:32.987 INFO [main] org.apache.catalina.startup.VersionLoggerListener.log Command line argument: --add-opens=java.base/java.io=ALL-UNNAMED
05-May-2020 16:29:32.987 INFO [main] org.apache.catalina.startup.VersionLoggerListener.log Command line argument: --add-opens=java.rmi/sun.rmi.transport=ALL-UNNAMED
05-May-2020 16:29:32.987 INFO [main] org.apache.catalina.startup.VersionLoggerListener.log Command line argument: -Djava.util.logging.config.file=/Users/raymondcheng/Documents/HKUST/Year 2/2020 Spring/COMP 4321/Project/jsp_test/apache-tomcat-9.0.34/conf/logging.properties
05-May-2020 16:29:32.987 INFO [main] org.apache.catalina.startup.VersionLoggerListener.log Command line argument: -Djava.util.logging.manager=org.apache.juli.ClassLoaderLogManager
05-May-2020 16:29:32.987 INFO [main] org.apache.catalina.startup.VersionLoggerListener.log Command line argument: -Djdk.tls.ephemeralDHKeySize=2048
05-May-2020 16:29:32.988 INFO [main] org.apache.catalina.startup.VersionLoggerListener.log Command line argument: -Djava.protocol.handler.pkgs=org.apache.catalina.webresources
05-May-2020 16:29:32.988 INFO [main] org.apache.catalina.startup.VersionLoggerListener.log Command line argument: -Dorg.apache.catalina.security.SecurityListener.UMASK=0027
05-May-2020 16:29:32.988 INFO [main] org.apache.catalina.startup.VersionLoggerListener.log Command line argument: -Dignore.endorsed.dirs=
05-May-2020 16:29:32.988 INFO [main] org.apache.catalina.startup.VersionLoggerListener.log Command line argument: -Dcatalina.base=/Users/raymondcheng/Documents/HKUST/Year 2/2020 Spring/COMP 4321/Project/jsp_test/apache-tomcat-9.0.34
05-May-2020 16:29:32.988 INFO [main] org.apache.catalina.startup.VersionLoggerListener.log Command line argument: -Dcatalina.home=/Users/raymondcheng/Documents/HKUST/Year 2/2020 Spring/COMP 4321/Project/jsp_test/apache-tomcat-9.0.34
05-May-2020 16:29:32.988 INFO [main] org.apache.catalina.startup.VersionLoggerListener.log Command line argument: -Djava.io.tmpdir=/Users/raymondcheng/Documents/HKUST/Year 2/2020 Spring/COMP 4321/Project/jsp_test/apache-tomcat-9.0.34/temp
05-May-2020 16:29:32.988 INFO [main] org.apache.catalina.core.AprLifecycleListener.lifecycleEvent The APR based Apache Tomcat Native library which allows optimal performance in production environments was not found on the java.library.path: [/Users/raymondcheng/Library/Java/Extensions:/Library/Java/Extensions:/Network/Library/Java/Extensions:/System/Library/Java/Extensions:/usr/lib/java:.]
05-May-2020 16:29:33.263 INFO [main] org.apache.coyote.AbstractProtocol.init Initializing ProtocolHandler ["http-nio-8080"]
05-May-2020 16:29:33.296 INFO [main] org.apache.catalina.startup.Catalina.load Server initialization in [554] milliseconds
05-May-2020 16:29:33.342 INFO [main] org.apache.catalina.core.StandardService.startInternal Starting service [Catalina]
05-May-2020 16:29:33.342 INFO [main] org.apache.catalina.core.StandardEngine.startInternal Starting Servlet engine: [Apache Tomcat/9.0.34]
05-May-2020 16:29:33.349 INFO [main] org.apache.catalina.startup.HostConfig.deployDirectory Deploying web application directory [/Users/raymondcheng/Documents/HKUST/Year 2/2020 Spring/COMP 4321/Project/jsp_test/apache-tomcat-9.0.34/webapps/docs]
05-May-2020 16:29:33.596 INFO [main] org.apache.catalina.startup.HostConfig.deployDirectory Deployment of web application directory [/Users/raymondcheng/Documents/HKUST/Year 2/2020 Spring/COMP 4321/Project/jsp_test/apache-tomcat-9.0.34/webapps/docs] has finished in [247] ms
05-May-2020 16:29:33.596 INFO [main] org.apache.catalina.startup.HostConfig.deployDirectory Deploying web application directory [/Users/raymondcheng/Documents/HKUST/Year 2/2020 Spring/COMP 4321/Project/jsp_test/apache-tomcat-9.0.34/webapps/manager]
05-May-2020 16:29:33.633 INFO [main] org.apache.catalina.startup.HostConfig.deployDirectory Deployment of web application directory [/Users/raymondcheng/Documents/HKUST/Year 2/2020 Spring/COMP 4321/Project/jsp_test/apache-tomcat-9.0.34/webapps/manager] has finished in [36] ms
05-May-2020 16:29:33.633 INFO [main] org.apache.catalina.startup.HostConfig.deployDirectory Deploying web application directory [/Users/raymondcheng/Documents/HKUST/Year 2/2020 Spring/COMP 4321/Project/jsp_test/apache-tomcat-9.0.34/webapps/examples]
05-May-2020 16:29:33.895 INFO [main] org.apache.catalina.startup.HostConfig.deployDirectory Deployment of web application directory [/Users/raymondcheng/Documents/HKUST/Year 2/2020 Spring/COMP 4321/Project/jsp_test/apache-tomcat-9.0.34/webapps/examples] has finished in [262] ms
05-May-2020 16:29:33.896 INFO [main] org.apache.catalina.startup.HostConfig.deployDirectory Deploying web application directory [/Users/raymondcheng/Documents/HKUST/Year 2/2020 Spring/COMP 4321/Project/jsp_test/apache-tomcat-9.0.34/webapps/ROOT]
05-May-2020 16:29:33.910 INFO [main] org.apache.catalina.startup.HostConfig.deployDirectory Deployment of web application directory [/Users/raymondcheng/Documents/HKUST/Year 2/2020 Spring/COMP 4321/Project/jsp_test/apache-tomcat-9.0.34/webapps/ROOT] has finished in [15] ms
05-May-2020 16:29:33.910 INFO [main] org.apache.catalina.startup.HostConfig.deployDirectory Deploying web application directory [/Users/raymondcheng/Documents/HKUST/Year 2/2020 Spring/COMP 4321/Project/jsp_test/apache-tomcat-9.0.34/webapps/host-manager]
05-May-2020 16:29:33.929 INFO [main] org.apache.catalina.startup.HostConfig.deployDirectory Deployment of web application directory [/Users/raymondcheng/Documents/HKUST/Year 2/2020 Spring/COMP 4321/Project/jsp_test/apache-tomcat-9.0.34/webapps/host-manager] has finished in [19] ms
05-May-2020 16:29:33.935 INFO [main] org.apache.coyote.AbstractProtocol.start Starting ProtocolHandler ["http-nio-8080"]
05-May-2020 16:29:33.943 INFO [main] org.apache.catalina.startup.Catalina.start Server startup in [645] milliseconds
05-May-2020 16:29:34.765 INFO [main] org.apache.catalina.startup.VersionLoggerListener.log Server version name:   Apache Tomcat/9.0.34
05-May-2020 16:29:34.769 INFO [main] org.apache.catalina.startup.VersionLoggerListener.log Server built:          Apr 3 2020 12:02:52 UTC
05-May-2020 16:29:34.769 INFO [main] org.apache.catalina.startup.VersionLoggerListener.log Server version number: 9.0.34.0
05-May-2020 16:29:34.770 INFO [main] org.apache.catalina.startup.VersionLoggerListener.log OS Name:               Mac OS X
05-May-2020 16:29:34.770 INFO [main] org.apache.catalina.startup.VersionLoggerListener.log OS Version:            10.13.6
05-May-2020 16:29:34.770 INFO [main] org.apache.catalina.startup.VersionLoggerListener.log Architecture:          x86_64
05-May-2020 16:29:34.770 INFO [main] org.apache.catalina.startup.VersionLoggerListener.log Java Home:             /Library/Java/JavaVirtualMachines/jdk-11.0.1.jdk/Contents/Home
05-May-2020 16:29:34.770 INFO [main] org.apache.catalina.startup.VersionLoggerListener.log JVM Version:           11.0.1+13-LTS
05-May-2020 16:29:34.770 INFO [main] org.apache.catalina.startup.VersionLoggerListener.log JVM Vendor:            Oracle Corporation
05-May-2020 16:29:34.770 INFO [main] org.apache.catalina.startup.VersionLoggerListener.log CATALINA_BASE:         /Users/raymondcheng/Documents/HKUST/Year 2/2020 Spring/COMP 4321/Project/jsp_test/apache-tomcat-9.0.34
05-May-2020 16:29:34.770 INFO [main] org.apache.catalina.startup.VersionLoggerListener.log CATALINA_HOME:         /Users/raymondcheng/Documents/HKUST/Year 2/2020 Spring/COMP 4321/Project/jsp_test/apache-tomcat-9.0.34
05-May-2020 16:29:34.785 INFO [main] org.apache.catalina.startup.VersionLoggerListener.log Command line argument: --add-opens=java.base/java.lang=ALL-UNNAMED
05-May-2020 16:29:34.785 INFO [main] org.apache.catalina.startup.VersionLoggerListener.log Command line argument: --add-opens=java.base/java.io=ALL-UNNAMED
05-May-2020 16:29:34.785 INFO [main] org.apache.catalina.startup.VersionLoggerListener.log Command line argument: --add-opens=java.rmi/sun.rmi.transport=ALL-UNNAMED
05-May-2020 16:29:34.786 INFO [main] org.apache.catalina.startup.VersionLoggerListener.log Command line argument: -Djava.util.logging.config.file=/Users/raymondcheng/Documents/HKUST/Year 2/2020 Spring/COMP 4321/Project/jsp_test/apache-tomcat-9.0.34/conf/logging.properties
05-May-2020 16:29:34.786 INFO [main] org.apache.catalina.startup.VersionLoggerListener.log Command line argument: -Djava.util.logging.manager=org.apache.juli.ClassLoaderLogManager
05-May-2020 16:29:34.786 INFO [main] org.apache.catalina.startup.VersionLoggerListener.log Command line argument: -Djdk.tls.ephemeralDHKeySize=2048
05-May-2020 16:29:34.786 INFO [main] org.apache.catalina.startup.VersionLoggerListener.log Command line argument: -Djava.protocol.handler.pkgs=org.apache.catalina.webresources
05-May-2020 16:29:34.786 INFO [main] org.apache.catalina.startup.VersionLoggerListener.log Command line argument: -Dorg.apache.catalina.security.SecurityListener.UMASK=0027
05-May-2020 16:29:34.786 INFO [main] org.apache.catalina.startup.VersionLoggerListener.log Command line argument: -Dignore.endorsed.dirs=
05-May-2020 16:29:34.786 INFO [main] org.apache.catalina.startup.VersionLoggerListener.log Command line argument: -Dcatalina.base=/Users/raymondcheng/Documents/HKUST/Year 2/2020 Spring/COMP 4321/Project/jsp_test/apache-tomcat-9.0.34
05-May-2020 16:29:34.787 INFO [main] org.apache.catalina.startup.VersionLoggerListener.log Command line argument: -Dcatalina.home=/Users/raymondcheng/Documents/HKUST/Year 2/2020 Spring/COMP 4321/Project/jsp_test/apache-tomcat-9.0.34
05-May-2020 16:29:34.787 INFO [main] org.apache.catalina.startup.VersionLoggerListener.log Command line argument: -Djava.io.tmpdir=/Users/raymondcheng/Documents/HKUST/Year 2/2020 Spring/COMP 4321/Project/jsp_test/apache-tomcat-9.0.34/temp
05-May-2020 16:29:34.787 INFO [main] org.apache.catalina.core.AprLifecycleListener.lifecycleEvent The APR based Apache Tomcat Native library which allows optimal performance in production environments was not found on the java.library.path: [/Users/raymondcheng/Library/Java/Extensions:/Library/Java/Extensions:/Network/Library/Java/Extensions:/System/Library/Java/Extensions:/usr/lib/java:.]
05-May-2020 16:29:35.059 INFO [main] org.apache.coyote.AbstractProtocol.init Initializing ProtocolHandler ["http-nio-8080"]
05-May-2020 16:29:35.080 SEVERE [main] org.apache.catalina.util.LifecycleBase.handleSubClassException Failed to initialize component [Connector[HTTP/1.1-8080]]
	org.apache.catalina.LifecycleException: Protocol handler initialization failed
		at org.apache.catalina.connector.Connector.initInternal(Connector.java:1041)
		at org.apache.catalina.util.LifecycleBase.init(LifecycleBase.java:136)
		at org.apache.catalina.core.StandardService.initInternal(StandardService.java:533)
		at org.apache.catalina.util.LifecycleBase.init(LifecycleBase.java:136)
		at org.apache.catalina.core.StandardServer.initInternal(StandardServer.java:1057)
		at org.apache.catalina.util.LifecycleBase.init(LifecycleBase.java:136)
		at org.apache.catalina.startup.Catalina.load(Catalina.java:584)
		at org.apache.catalina.startup.Catalina.load(Catalina.java:607)
		at java.base/jdk.internal.reflect.NativeMethodAccessorImpl.invoke0(Native Method)
		at java.base/jdk.internal.reflect.NativeMethodAccessorImpl.invoke(NativeMethodAccessorImpl.java:62)
		at java.base/jdk.internal.reflect.DelegatingMethodAccessorImpl.invoke(DelegatingMethodAccessorImpl.java:43)
		at java.base/java.lang.reflect.Method.invoke(Method.java:566)
		at org.apache.catalina.startup.Bootstrap.load(Bootstrap.java:303)
		at org.apache.catalina.startup.Bootstrap.main(Bootstrap.java:473)
	Caused by: java.net.BindException: Address already in use
		at java.base/sun.nio.ch.Net.bind0(Native Method)
		at java.base/sun.nio.ch.Net.bind(Net.java:461)
		at java.base/sun.nio.ch.Net.bind(Net.java:453)
		at java.base/sun.nio.ch.ServerSocketChannelImpl.bind(ServerSocketChannelImpl.java:227)
		at java.base/sun.nio.ch.ServerSocketAdaptor.bind(ServerSocketAdaptor.java:80)
		at org.apache.tomcat.util.net.NioEndpoint.initServerSocket(NioEndpoint.java:228)
		at org.apache.tomcat.util.net.NioEndpoint.bind(NioEndpoint.java:211)
		at org.apache.tomcat.util.net.AbstractEndpoint.bindWithCleanup(AbstractEndpoint.java:1141)
		at org.apache.tomcat.util.net.AbstractEndpoint.init(AbstractEndpoint.java:1154)
		at org.apache.coyote.AbstractProtocol.init(AbstractProtocol.java:581)
		at org.apache.coyote.http11.AbstractHttp11Protocol.init(AbstractHttp11Protocol.java:74)
		at org.apache.catalina.connector.Connector.initInternal(Connector.java:1038)
		... 13 more
05-May-2020 16:29:35.082 INFO [main] org.apache.catalina.startup.Catalina.load Server initialization in [509] milliseconds
05-May-2020 16:29:35.126 INFO [main] org.apache.catalina.core.StandardService.startInternal Starting service [Catalina]
05-May-2020 16:29:35.126 INFO [main] org.apache.catalina.core.StandardEngine.startInternal Starting Servlet engine: [Apache Tomcat/9.0.34]
05-May-2020 16:29:35.133 INFO [main] org.apache.catalina.startup.HostConfig.deployDirectory Deploying web application directory [/Users/raymondcheng/Documents/HKUST/Year 2/2020 Spring/COMP 4321/Project/jsp_test/apache-tomcat-9.0.34/webapps/docs]
05-May-2020 16:29:35.343 INFO [main] org.apache.catalina.startup.HostConfig.deployDirectory Deployment of web application directory [/Users/raymondcheng/Documents/HKUST/Year 2/2020 Spring/COMP 4321/Project/jsp_test/apache-tomcat-9.0.34/webapps/docs] has finished in [209] ms
05-May-2020 16:29:35.343 INFO [main] org.apache.catalina.startup.HostConfig.deployDirectory Deploying web application directory [/Users/raymondcheng/Documents/HKUST/Year 2/2020 Spring/COMP 4321/Project/jsp_test/apache-tomcat-9.0.34/webapps/manager]
05-May-2020 16:29:35.370 INFO [main] org.apache.catalina.startup.HostConfig.deployDirectory Deployment of web application directory [/Users/raymondcheng/Documents/HKUST/Year 2/2020 Spring/COMP 4321/Project/jsp_test/apache-tomcat-9.0.34/webapps/manager] has finished in [27] ms
05-May-2020 16:29:35.371 INFO [main] org.apache.catalina.startup.HostConfig.deployDirectory Deploying web application directory [/Users/raymondcheng/Documents/HKUST/Year 2/2020 Spring/COMP 4321/Project/jsp_test/apache-tomcat-9.0.34/webapps/examples]
05-May-2020 16:29:35.599 INFO [main] org.apache.catalina.startup.HostConfig.deployDirectory Deployment of web application directory [/Users/raymondcheng/Documents/HKUST/Year 2/2020 Spring/COMP 4321/Project/jsp_test/apache-tomcat-9.0.34/webapps/examples] has finished in [228] ms
05-May-2020 16:29:35.599 INFO [main] org.apache.catalina.startup.HostConfig.deployDirectory Deploying web application directory [/Users/raymondcheng/Documents/HKUST/Year 2/2020 Spring/COMP 4321/Project/jsp_test/apache-tomcat-9.0.34/webapps/ROOT]
05-May-2020 16:29:35.615 INFO [main] org.apache.catalina.startup.HostConfig.deployDirectory Deployment of web application directory [/Users/raymondcheng/Documents/HKUST/Year 2/2020 Spring/COMP 4321/Project/jsp_test/apache-tomcat-9.0.34/webapps/ROOT] has finished in [16] ms
05-May-2020 16:29:35.615 INFO [main] org.apache.catalina.startup.HostConfig.deployDirectory Deploying web application directory [/Users/raymondcheng/Documents/HKUST/Year 2/2020 Spring/COMP 4321/Project/jsp_test/apache-tomcat-9.0.34/webapps/host-manager]
05-May-2020 16:29:35.634 INFO [main] org.apache.catalina.startup.HostConfig.deployDirectory Deployment of web application directory [/Users/raymondcheng/Documents/HKUST/Year 2/2020 Spring/COMP 4321/Project/jsp_test/apache-tomcat-9.0.34/webapps/host-manager] has finished in [19] ms
05-May-2020 16:29:35.639 INFO [main] org.apache.catalina.startup.Catalina.start Server startup in [557] milliseconds
05-May-2020 16:29:35.644 SEVERE [main] org.apache.catalina.core.StandardServer.await Failed to create server shutdown socket on address [localhost] and port [8005] (base port [8005] and offset [0])
	java.net.BindException: Address already in use (Bind failed)
		at java.base/java.net.PlainSocketImpl.socketBind(Native Method)
		at java.base/java.net.AbstractPlainSocketImpl.bind(AbstractPlainSocketImpl.java:436)
		at java.base/java.net.ServerSocket.bind(ServerSocket.java:381)
		at java.base/java.net.ServerSocket.<init>(ServerSocket.java:243)
		at org.apache.catalina.core.StandardServer.await(StandardServer.java:584)
		at org.apache.catalina.startup.Catalina.await(Catalina.java:721)
		at org.apache.catalina.startup.Catalina.start(Catalina.java:667)
		at java.base/jdk.internal.reflect.NativeMethodAccessorImpl.invoke0(Native Method)
		at java.base/jdk.internal.reflect.NativeMethodAccessorImpl.invoke(NativeMethodAccessorImpl.java:62)
		at java.base/jdk.internal.reflect.DelegatingMethodAccessorImpl.invoke(DelegatingMethodAccessorImpl.java:43)
		at java.base/java.lang.reflect.Method.invoke(Method.java:566)
		at org.apache.catalina.startup.Bootstrap.start(Bootstrap.java:343)
		at org.apache.catalina.startup.Bootstrap.main(Bootstrap.java:474)
05-May-2020 16:29:35.645 INFO [main] org.apache.coyote.AbstractProtocol.pause Pausing ProtocolHandler ["http-nio-8080"]
05-May-2020 16:29:35.645 INFO [main] org.apache.catalina.core.StandardService.stopInternal Stopping service [Catalina]
05-May-2020 16:29:35.665 INFO [main] org.apache.coyote.AbstractProtocol.stop Stopping ProtocolHandler ["http-nio-8080"]
05-May-2020 16:29:35.665 INFO [main] org.apache.coyote.AbstractProtocol.destroy Destroying ProtocolHandler ["http-nio-8080"]
05-May-2020 16:29:36.632 INFO [main] org.apache.catalina.startup.VersionLoggerListener.log Server version name:   Apache Tomcat/9.0.34
05-May-2020 16:29:36.636 INFO [main] org.apache.catalina.startup.VersionLoggerListener.log Server built:          Apr 3 2020 12:02:52 UTC
05-May-2020 16:29:36.636 INFO [main] org.apache.catalina.startup.VersionLoggerListener.log Server version number: 9.0.34.0
05-May-2020 16:29:36.637 INFO [main] org.apache.catalina.startup.VersionLoggerListener.log OS Name:               Mac OS X
05-May-2020 16:29:36.637 INFO [main] org.apache.catalina.startup.VersionLoggerListener.log OS Version:            10.13.6
05-May-2020 16:29:36.637 INFO [main] org.apache.catalina.startup.VersionLoggerListener.log Architecture:          x86_64
05-May-2020 16:29:36.637 INFO [main] org.apache.catalina.startup.VersionLoggerListener.log Java Home:             /Library/Java/JavaVirtualMachines/jdk-11.0.1.jdk/Contents/Home
05-May-2020 16:29:36.637 INFO [main] org.apache.catalina.startup.VersionLoggerListener.log JVM Version:           11.0.1+13-LTS
05-May-2020 16:29:36.637 INFO [main] org.apache.catalina.startup.VersionLoggerListener.log JVM Vendor:            Oracle Corporation
05-May-2020 16:29:36.637 INFO [main] org.apache.catalina.startup.VersionLoggerListener.log CATALINA_BASE:         /Users/raymondcheng/Documents/HKUST/Year 2/2020 Spring/COMP 4321/Project/jsp_test/apache-tomcat-9.0.34
05-May-2020 16:29:36.637 INFO [main] org.apache.catalina.startup.VersionLoggerListener.log CATALINA_HOME:         /Users/raymondcheng/Documents/HKUST/Year 2/2020 Spring/COMP 4321/Project/jsp_test/apache-tomcat-9.0.34
05-May-2020 16:29:36.652 INFO [main] org.apache.catalina.startup.VersionLoggerListener.log Command line argument: --add-opens=java.base/java.lang=ALL-UNNAMED
05-May-2020 16:29:36.652 INFO [main] org.apache.catalina.startup.VersionLoggerListener.log Command line argument: --add-opens=java.base/java.io=ALL-UNNAMED
05-May-2020 16:29:36.652 INFO [main] org.apache.catalina.startup.VersionLoggerListener.log Command line argument: --add-opens=java.rmi/sun.rmi.transport=ALL-UNNAMED
05-May-2020 16:29:36.652 INFO [main] org.apache.catalina.startup.VersionLoggerListener.log Command line argument: -Djava.util.logging.config.file=/Users/raymondcheng/Documents/HKUST/Year 2/2020 Spring/COMP 4321/Project/jsp_test/apache-tomcat-9.0.34/conf/logging.properties
05-May-2020 16:29:36.652 INFO [main] org.apache.catalina.startup.VersionLoggerListener.log Command line argument: -Djava.util.logging.manager=org.apache.juli.ClassLoaderLogManager
05-May-2020 16:29:36.652 INFO [main] org.apache.catalina.startup.VersionLoggerListener.log Command line argument: -Djdk.tls.ephemeralDHKeySize=2048
05-May-2020 16:29:36.653 INFO [main] org.apache.catalina.startup.VersionLoggerListener.log Command line argument: -Djava.protocol.handler.pkgs=org.apache.catalina.webresources
05-May-2020 16:29:36.653 INFO [main] org.apache.catalina.startup.VersionLoggerListener.log Command line argument: -Dorg.apache.catalina.security.SecurityListener.UMASK=0027
05-May-2020 16:29:36.653 INFO [main] org.apache.catalina.startup.VersionLoggerListener.log Command line argument: -Dignore.endorsed.dirs=
05-May-2020 16:29:36.653 INFO [main] org.apache.catalina.startup.VersionLoggerListener.log Command line argument: -Dcatalina.base=/Users/raymondcheng/Documents/HKUST/Year 2/2020 Spring/COMP 4321/Project/jsp_test/apache-tomcat-9.0.34
05-May-2020 16:29:36.653 INFO [main] org.apache.catalina.startup.VersionLoggerListener.log Command line argument: -Dcatalina.home=/Users/raymondcheng/Documents/HKUST/Year 2/2020 Spring/COMP 4321/Project/jsp_test/apache-tomcat-9.0.34
05-May-2020 16:29:36.653 INFO [main] org.apache.catalina.startup.VersionLoggerListener.log Command line argument: -Djava.io.tmpdir=/Users/raymondcheng/Documents/HKUST/Year 2/2020 Spring/COMP 4321/Project/jsp_test/apache-tomcat-9.0.34/temp
05-May-2020 16:29:36.653 INFO [main] org.apache.catalina.core.AprLifecycleListener.lifecycleEvent The APR based Apache Tomcat Native library which allows optimal performance in production environments was not found on the java.library.path: [/Users/raymondcheng/Library/Java/Extensions:/Library/Java/Extensions:/Network/Library/Java/Extensions:/System/Library/Java/Extensions:/usr/lib/java:.]
05-May-2020 16:29:36.925 INFO [main] org.apache.coyote.AbstractProtocol.init Initializing ProtocolHandler ["http-nio-8080"]
05-May-2020 16:29:36.947 SEVERE [main] org.apache.catalina.util.LifecycleBase.handleSubClassException Failed to initialize component [Connector[HTTP/1.1-8080]]
	org.apache.catalina.LifecycleException: Protocol handler initialization failed
		at org.apache.catalina.connector.Connector.initInternal(Connector.java:1041)
		at org.apache.catalina.util.LifecycleBase.init(LifecycleBase.java:136)
		at org.apache.catalina.core.StandardService.initInternal(StandardService.java:533)
		at org.apache.catalina.util.LifecycleBase.init(LifecycleBase.java:136)
		at org.apache.catalina.core.StandardServer.initInternal(StandardServer.java:1057)
		at org.apache.catalina.util.LifecycleBase.init(LifecycleBase.java:136)
		at org.apache.catalina.startup.Catalina.load(Catalina.java:584)
		at org.apache.catalina.startup.Catalina.load(Catalina.java:607)
		at java.base/jdk.internal.reflect.NativeMethodAccessorImpl.invoke0(Native Method)
		at java.base/jdk.internal.reflect.NativeMethodAccessorImpl.invoke(NativeMethodAccessorImpl.java:62)
		at java.base/jdk.internal.reflect.DelegatingMethodAccessorImpl.invoke(DelegatingMethodAccessorImpl.java:43)
		at java.base/java.lang.reflect.Method.invoke(Method.java:566)
		at org.apache.catalina.startup.Bootstrap.load(Bootstrap.java:303)
		at org.apache.catalina.startup.Bootstrap.main(Bootstrap.java:473)
	Caused by: java.net.BindException: Address already in use
		at java.base/sun.nio.ch.Net.bind0(Native Method)
		at java.base/sun.nio.ch.Net.bind(Net.java:461)
		at java.base/sun.nio.ch.Net.bind(Net.java:453)
		at java.base/sun.nio.ch.ServerSocketChannelImpl.bind(ServerSocketChannelImpl.java:227)
		at java.base/sun.nio.ch.ServerSocketAdaptor.bind(ServerSocketAdaptor.java:80)
		at org.apache.tomcat.util.net.NioEndpoint.initServerSocket(NioEndpoint.java:228)
		at org.apache.tomcat.util.net.NioEndpoint.bind(NioEndpoint.java:211)
		at org.apache.tomcat.util.net.AbstractEndpoint.bindWithCleanup(AbstractEndpoint.java:1141)
		at org.apache.tomcat.util.net.AbstractEndpoint.init(AbstractEndpoint.java:1154)
		at org.apache.coyote.AbstractProtocol.init(AbstractProtocol.java:581)
		at org.apache.coyote.http11.AbstractHttp11Protocol.init(AbstractHttp11Protocol.java:74)
		at org.apache.catalina.connector.Connector.initInternal(Connector.java:1038)
		... 13 more
05-May-2020 16:29:36.949 INFO [main] org.apache.catalina.startup.Catalina.load Server initialization in [492] milliseconds
05-May-2020 16:29:36.995 INFO [main] org.apache.catalina.core.StandardService.startInternal Starting service [Catalina]
05-May-2020 16:29:36.995 INFO [main] org.apache.catalina.core.StandardEngine.startInternal Starting Servlet engine: [Apache Tomcat/9.0.34]
05-May-2020 16:29:37.003 INFO [main] org.apache.catalina.startup.HostConfig.deployDirectory Deploying web application directory [/Users/raymondcheng/Documents/HKUST/Year 2/2020 Spring/COMP 4321/Project/jsp_test/apache-tomcat-9.0.34/webapps/docs]
05-May-2020 16:29:37.212 INFO [main] org.apache.catalina.startup.HostConfig.deployDirectory Deployment of web application directory [/Users/raymondcheng/Documents/HKUST/Year 2/2020 Spring/COMP 4321/Project/jsp_test/apache-tomcat-9.0.34/webapps/docs] has finished in [209] ms
05-May-2020 16:29:37.212 INFO [main] org.apache.catalina.startup.HostConfig.deployDirectory Deploying web application directory [/Users/raymondcheng/Documents/HKUST/Year 2/2020 Spring/COMP 4321/Project/jsp_test/apache-tomcat-9.0.34/webapps/manager]
05-May-2020 16:29:37.240 INFO [main] org.apache.catalina.startup.HostConfig.deployDirectory Deployment of web application directory [/Users/raymondcheng/Documents/HKUST/Year 2/2020 Spring/COMP 4321/Project/jsp_test/apache-tomcat-9.0.34/webapps/manager] has finished in [28] ms
05-May-2020 16:29:37.240 INFO [main] org.apache.catalina.startup.HostConfig.deployDirectory Deploying web application directory [/Users/raymondcheng/Documents/HKUST/Year 2/2020 Spring/COMP 4321/Project/jsp_test/apache-tomcat-9.0.34/webapps/examples]
05-May-2020 16:29:37.519 INFO [main] org.apache.catalina.startup.HostConfig.deployDirectory Deployment of web application directory [/Users/raymondcheng/Documents/HKUST/Year 2/2020 Spring/COMP 4321/Project/jsp_test/apache-tomcat-9.0.34/webapps/examples] has finished in [279] ms
05-May-2020 16:29:37.520 INFO [main] org.apache.catalina.startup.HostConfig.deployDirectory Deploying web application directory [/Users/raymondcheng/Documents/HKUST/Year 2/2020 Spring/COMP 4321/Project/jsp_test/apache-tomcat-9.0.34/webapps/ROOT]
05-May-2020 16:29:37.536 INFO [main] org.apache.catalina.startup.HostConfig.deployDirectory Deployment of web application directory [/Users/raymondcheng/Documents/HKUST/Year 2/2020 Spring/COMP 4321/Project/jsp_test/apache-tomcat-9.0.34/webapps/ROOT] has finished in [16] ms
05-May-2020 16:29:37.537 INFO [main] org.apache.catalina.startup.HostConfig.deployDirectory Deploying web application directory [/Users/raymondcheng/Documents/HKUST/Year 2/2020 Spring/COMP 4321/Project/jsp_test/apache-tomcat-9.0.34/webapps/host-manager]
05-May-2020 16:29:37.562 INFO [main] org.apache.catalina.startup.HostConfig.deployDirectory Deployment of web application directory [/Users/raymondcheng/Documents/HKUST/Year 2/2020 Spring/COMP 4321/Project/jsp_test/apache-tomcat-9.0.34/webapps/host-manager] has finished in [26] ms
05-May-2020 16:29:37.569 INFO [main] org.apache.catalina.startup.Catalina.start Server startup in [619] milliseconds
05-May-2020 16:29:37.575 SEVERE [main] org.apache.catalina.core.StandardServer.await Failed to create server shutdown socket on address [localhost] and port [8005] (base port [8005] and offset [0])
	java.net.BindException: Address already in use (Bind failed)
		at java.base/java.net.PlainSocketImpl.socketBind(Native Method)
		at java.base/java.net.AbstractPlainSocketImpl.bind(AbstractPlainSocketImpl.java:436)
		at java.base/java.net.ServerSocket.bind(ServerSocket.java:381)
		at java.base/java.net.ServerSocket.<init>(ServerSocket.java:243)
		at org.apache.catalina.core.StandardServer.await(StandardServer.java:584)
		at org.apache.catalina.startup.Catalina.await(Catalina.java:721)
		at org.apache.catalina.startup.Catalina.start(Catalina.java:667)
		at java.base/jdk.internal.reflect.NativeMethodAccessorImpl.invoke0(Native Method)
		at java.base/jdk.internal.reflect.NativeMethodAccessorImpl.invoke(NativeMethodAccessorImpl.java:62)
		at java.base/jdk.internal.reflect.DelegatingMethodAccessorImpl.invoke(DelegatingMethodAccessorImpl.java:43)
		at java.base/java.lang.reflect.Method.invoke(Method.java:566)
		at org.apache.catalina.startup.Bootstrap.start(Bootstrap.java:343)
		at org.apache.catalina.startup.Bootstrap.main(Bootstrap.java:474)
05-May-2020 16:29:37.576 INFO [main] org.apache.coyote.AbstractProtocol.pause Pausing ProtocolHandler ["http-nio-8080"]
05-May-2020 16:29:37.576 INFO [main] org.apache.catalina.core.StandardService.stopInternal Stopping service [Catalina]
05-May-2020 16:29:37.598 INFO [main] org.apache.coyote.AbstractProtocol.stop Stopping ProtocolHandler ["http-nio-8080"]
05-May-2020 16:29:37.598 INFO [main] org.apache.coyote.AbstractProtocol.destroy Destroying ProtocolHandler ["http-nio-8080"]
05-May-2020 18:18:45.829 INFO [main] org.apache.catalina.core.StandardServer.await A valid shutdown command was received via the shutdown port. Stopping the Server instance.
05-May-2020 18:18:45.831 INFO [main] org.apache.coyote.AbstractProtocol.pause Pausing ProtocolHandler ["http-nio-8080"]
05-May-2020 18:18:45.840 INFO [main] org.apache.catalina.core.StandardService.stopInternal Stopping service [Catalina]
05-May-2020 18:18:45.881 INFO [main] org.apache.coyote.AbstractProtocol.stop Stopping ProtocolHandler ["http-nio-8080"]
05-May-2020 18:18:45.884 INFO [main] org.apache.coyote.AbstractProtocol.destroy Destroying ProtocolHandler ["http-nio-8080"]
05-May-2020 18:24:19.937 INFO [main] org.apache.catalina.startup.VersionLoggerListener.log Server version name:   Apache Tomcat/9.0.34
05-May-2020 18:24:19.941 INFO [main] org.apache.catalina.startup.VersionLoggerListener.log Server built:          Apr 3 2020 12:02:52 UTC
05-May-2020 18:24:19.942 INFO [main] org.apache.catalina.startup.VersionLoggerListener.log Server version number: 9.0.34.0
05-May-2020 18:24:19.942 INFO [main] org.apache.catalina.startup.VersionLoggerListener.log OS Name:               Mac OS X
05-May-2020 18:24:19.942 INFO [main] org.apache.catalina.startup.VersionLoggerListener.log OS Version:            10.13.6
05-May-2020 18:24:19.942 INFO [main] org.apache.catalina.startup.VersionLoggerListener.log Architecture:          x86_64
05-May-2020 18:24:19.942 INFO [main] org.apache.catalina.startup.VersionLoggerListener.log Java Home:             /Library/Java/JavaVirtualMachines/jdk-11.0.1.jdk/Contents/Home
05-May-2020 18:24:19.942 INFO [main] org.apache.catalina.startup.VersionLoggerListener.log JVM Version:           11.0.1+13-LTS
05-May-2020 18:24:19.943 INFO [main] org.apache.catalina.startup.VersionLoggerListener.log JVM Vendor:            Oracle Corporation
05-May-2020 18:24:19.943 INFO [main] org.apache.catalina.startup.VersionLoggerListener.log CATALINA_BASE:         /Users/raymondcheng/Documents/HKUST/Year 2/2020 Spring/COMP 4321/Project/COMP4321_project/src/main/apache-tomcat-9.0.34
05-May-2020 18:24:19.943 INFO [main] org.apache.catalina.startup.VersionLoggerListener.log CATALINA_HOME:         /Users/raymondcheng/Documents/HKUST/Year 2/2020 Spring/COMP 4321/Project/COMP4321_project/src/main/apache-tomcat-9.0.34
05-May-2020 18:24:19.962 INFO [main] org.apache.catalina.startup.VersionLoggerListener.log Command line argument: --add-opens=java.base/java.lang=ALL-UNNAMED
05-May-2020 18:24:19.963 INFO [main] org.apache.catalina.startup.VersionLoggerListener.log Command line argument: --add-opens=java.base/java.io=ALL-UNNAMED
05-May-2020 18:24:19.963 INFO [main] org.apache.catalina.startup.VersionLoggerListener.log Command line argument: --add-opens=java.rmi/sun.rmi.transport=ALL-UNNAMED
05-May-2020 18:24:19.963 INFO [main] org.apache.catalina.startup.VersionLoggerListener.log Command line argument: -Djava.util.logging.config.file=/Users/raymondcheng/Documents/HKUST/Year 2/2020 Spring/COMP 4321/Project/COMP4321_project/src/main/apache-tomcat-9.0.34/conf/logging.properties
05-May-2020 18:24:19.963 INFO [main] org.apache.catalina.startup.VersionLoggerListener.log Command line argument: -Djava.util.logging.manager=org.apache.juli.ClassLoaderLogManager
05-May-2020 18:24:19.963 INFO [main] org.apache.catalina.startup.VersionLoggerListener.log Command line argument: -Djdk.tls.ephemeralDHKeySize=2048
05-May-2020 18:24:19.964 INFO [main] org.apache.catalina.startup.VersionLoggerListener.log Command line argument: -Djava.protocol.handler.pkgs=org.apache.catalina.webresources
05-May-2020 18:24:19.964 INFO [main] org.apache.catalina.startup.VersionLoggerListener.log Command line argument: -Dorg.apache.catalina.security.SecurityListener.UMASK=0027
05-May-2020 18:24:19.964 INFO [main] org.apache.catalina.startup.VersionLoggerListener.log Command line argument: -Dignore.endorsed.dirs=
05-May-2020 18:24:19.964 INFO [main] org.apache.catalina.startup.VersionLoggerListener.log Command line argument: -Dcatalina.base=/Users/raymondcheng/Documents/HKUST/Year 2/2020 Spring/COMP 4321/Project/COMP4321_project/src/main/apache-tomcat-9.0.34
05-May-2020 18:24:19.964 INFO [main] org.apache.catalina.startup.VersionLoggerListener.log Command line argument: -Dcatalina.home=/Users/raymondcheng/Documents/HKUST/Year 2/2020 Spring/COMP 4321/Project/COMP4321_project/src/main/apache-tomcat-9.0.34
05-May-2020 18:24:19.964 INFO [main] org.apache.catalina.startup.VersionLoggerListener.log Command line argument: -Djava.io.tmpdir=/Users/raymondcheng/Documents/HKUST/Year 2/2020 Spring/COMP 4321/Project/COMP4321_project/src/main/apache-tomcat-9.0.34/temp
05-May-2020 18:24:19.964 INFO [main] org.apache.catalina.core.AprLifecycleListener.lifecycleEvent The APR based Apache Tomcat Native library which allows optimal performance in production environments was not found on the java.library.path: [/Users/raymondcheng/Library/Java/Extensions:/Library/Java/Extensions:/Network/Library/Java/Extensions:/System/Library/Java/Extensions:/usr/lib/java:.]
05-May-2020 18:24:20.250 INFO [main] org.apache.coyote.AbstractProtocol.init Initializing ProtocolHandler ["http-nio-8080"]
05-May-2020 18:24:20.288 INFO [main] org.apache.catalina.startup.Catalina.load Server initialization in [557] milliseconds
05-May-2020 18:24:20.341 INFO [main] org.apache.catalina.core.StandardService.startInternal Starting service [Catalina]
05-May-2020 18:24:20.341 INFO [main] org.apache.catalina.core.StandardEngine.startInternal Starting Servlet engine: [Apache Tomcat/9.0.34]
05-May-2020 18:24:20.353 INFO [main] org.apache.catalina.startup.HostConfig.deployDirectory Deploying web application directory [/Users/raymondcheng/Documents/HKUST/Year 2/2020 Spring/COMP 4321/Project/COMP4321_project/src/main/apache-tomcat-9.0.34/webapps/docs]
05-May-2020 18:24:20.614 INFO [main] org.apache.catalina.startup.HostConfig.deployDirectory Deployment of web application directory [/Users/raymondcheng/Documents/HKUST/Year 2/2020 Spring/COMP 4321/Project/COMP4321_project/src/main/apache-tomcat-9.0.34/webapps/docs] has finished in [261] ms
05-May-2020 18:24:20.614 INFO [main] org.apache.catalina.startup.HostConfig.deployDirectory Deploying web application directory [/Users/raymondcheng/Documents/HKUST/Year 2/2020 Spring/COMP 4321/Project/COMP4321_project/src/main/apache-tomcat-9.0.34/webapps/manager]
05-May-2020 18:24:20.652 INFO [main] org.apache.catalina.startup.HostConfig.deployDirectory Deployment of web application directory [/Users/raymondcheng/Documents/HKUST/Year 2/2020 Spring/COMP 4321/Project/COMP4321_project/src/main/apache-tomcat-9.0.34/webapps/manager] has finished in [38] ms
05-May-2020 18:24:20.652 INFO [main] org.apache.catalina.startup.HostConfig.deployDirectory Deploying web application directory [/Users/raymondcheng/Documents/HKUST/Year 2/2020 Spring/COMP 4321/Project/COMP4321_project/src/main/apache-tomcat-9.0.34/webapps/examples]
05-May-2020 18:24:20.911 INFO [main] org.apache.catalina.startup.HostConfig.deployDirectory Deployment of web application directory [/Users/raymondcheng/Documents/HKUST/Year 2/2020 Spring/COMP 4321/Project/COMP4321_project/src/main/apache-tomcat-9.0.34/webapps/examples] has finished in [259] ms
05-May-2020 18:24:20.911 INFO [main] org.apache.catalina.startup.HostConfig.deployDirectory Deploying web application directory [/Users/raymondcheng/Documents/HKUST/Year 2/2020 Spring/COMP 4321/Project/COMP4321_project/src/main/apache-tomcat-9.0.34/webapps/ROOT]
05-May-2020 18:24:20.939 INFO [main] org.apache.catalina.startup.HostConfig.deployDirectory Deployment of web application directory [/Users/raymondcheng/Documents/HKUST/Year 2/2020 Spring/COMP 4321/Project/COMP4321_project/src/main/apache-tomcat-9.0.34/webapps/ROOT] has finished in [28] ms
05-May-2020 18:24:20.939 INFO [main] org.apache.catalina.startup.HostConfig.deployDirectory Deploying web application directory [/Users/raymondcheng/Documents/HKUST/Year 2/2020 Spring/COMP 4321/Project/COMP4321_project/src/main/apache-tomcat-9.0.34/webapps/host-manager]
05-May-2020 18:24:20.958 INFO [main] org.apache.catalina.startup.HostConfig.deployDirectory Deployment of web application directory [/Users/raymondcheng/Documents/HKUST/Year 2/2020 Spring/COMP 4321/Project/COMP4321_project/src/main/apache-tomcat-9.0.34/webapps/host-manager] has finished in [19] ms
05-May-2020 18:24:20.964 INFO [main] org.apache.coyote.AbstractProtocol.start Starting ProtocolHandler ["http-nio-8080"]
05-May-2020 18:24:20.973 INFO [main] org.apache.catalina.startup.Catalina.start Server startup in [683] milliseconds
05-May-2020 18:24:44.005 INFO [main] org.apache.catalina.core.StandardServer.await A valid shutdown command was received via the shutdown port. Stopping the Server instance.
05-May-2020 18:24:44.006 INFO [main] org.apache.coyote.AbstractProtocol.pause Pausing ProtocolHandler ["http-nio-8080"]
05-May-2020 18:24:44.015 INFO [main] org.apache.catalina.core.StandardService.stopInternal Stopping service [Catalina]
05-May-2020 18:24:44.040 INFO [main] org.apache.coyote.AbstractProtocol.stop Stopping ProtocolHandler ["http-nio-8080"]
05-May-2020 18:24:44.043 INFO [main] org.apache.coyote.AbstractProtocol.destroy Destroying ProtocolHandler ["http-nio-8080"]
05-May-2020 18:27:37.215 INFO [main] org.apache.catalina.startup.VersionLoggerListener.log Server version name:   Apache Tomcat/9.0.34
05-May-2020 18:27:37.220 INFO [main] org.apache.catalina.startup.VersionLoggerListener.log Server built:          Apr 3 2020 12:02:52 UTC
05-May-2020 18:27:37.225 INFO [main] org.apache.catalina.startup.VersionLoggerListener.log Server version number: 9.0.34.0
05-May-2020 18:27:37.226 INFO [main] org.apache.catalina.startup.VersionLoggerListener.log OS Name:               Mac OS X
05-May-2020 18:27:37.226 INFO [main] org.apache.catalina.startup.VersionLoggerListener.log OS Version:            10.13.6
05-May-2020 18:27:37.226 INFO [main] org.apache.catalina.startup.VersionLoggerListener.log Architecture:          x86_64
05-May-2020 18:27:37.226 INFO [main] org.apache.catalina.startup.VersionLoggerListener.log Java Home:             /Library/Java/JavaVirtualMachines/jdk-11.0.1.jdk/Contents/Home
05-May-2020 18:27:37.226 INFO [main] org.apache.catalina.startup.VersionLoggerListener.log JVM Version:           11.0.1+13-LTS
05-May-2020 18:27:37.226 INFO [main] org.apache.catalina.startup.VersionLoggerListener.log JVM Vendor:            Oracle Corporation
05-May-2020 18:27:37.226 INFO [main] org.apache.catalina.startup.VersionLoggerListener.log CATALINA_BASE:         /Users/raymondcheng/Documents/HKUST/Year 2/2020 Spring/COMP 4321/Project/COMP4321_project/src/main/apache-tomcat-9.0.34
05-May-2020 18:27:37.227 INFO [main] org.apache.catalina.startup.VersionLoggerListener.log CATALINA_HOME:         /Users/raymondcheng/Documents/HKUST/Year 2/2020 Spring/COMP 4321/Project/COMP4321_project/src/main/apache-tomcat-9.0.34
05-May-2020 18:27:37.240 INFO [main] org.apache.catalina.startup.VersionLoggerListener.log Command line argument: --add-opens=java.base/java.lang=ALL-UNNAMED
05-May-2020 18:27:37.241 INFO [main] org.apache.catalina.startup.VersionLoggerListener.log Command line argument: --add-opens=java.base/java.io=ALL-UNNAMED
05-May-2020 18:27:37.241 INFO [main] org.apache.catalina.startup.VersionLoggerListener.log Command line argument: --add-opens=java.rmi/sun.rmi.transport=ALL-UNNAMED
05-May-2020 18:27:37.241 INFO [main] org.apache.catalina.startup.VersionLoggerListener.log Command line argument: -Djava.util.logging.config.file=/Users/raymondcheng/Documents/HKUST/Year 2/2020 Spring/COMP 4321/Project/COMP4321_project/src/main/apache-tomcat-9.0.34/conf/logging.properties
05-May-2020 18:27:37.241 INFO [main] org.apache.catalina.startup.VersionLoggerListener.log Command line argument: -Djava.util.logging.manager=org.apache.juli.ClassLoaderLogManager
05-May-2020 18:27:37.241 INFO [main] org.apache.catalina.startup.VersionLoggerListener.log Command line argument: -Djdk.tls.ephemeralDHKeySize=2048
05-May-2020 18:27:37.241 INFO [main] org.apache.catalina.startup.VersionLoggerListener.log Command line argument: -Djava.protocol.handler.pkgs=org.apache.catalina.webresources
05-May-2020 18:27:37.242 INFO [main] org.apache.catalina.startup.VersionLoggerListener.log Command line argument: -Dorg.apache.catalina.security.SecurityListener.UMASK=0027
05-May-2020 18:27:37.242 INFO [main] org.apache.catalina.startup.VersionLoggerListener.log Command line argument: -Dignore.endorsed.dirs=
05-May-2020 18:27:37.242 INFO [main] org.apache.catalina.startup.VersionLoggerListener.log Command line argument: -Dcatalina.base=/Users/raymondcheng/Documents/HKUST/Year 2/2020 Spring/COMP 4321/Project/COMP4321_project/src/main/apache-tomcat-9.0.34
05-May-2020 18:27:37.242 INFO [main] org.apache.catalina.startup.VersionLoggerListener.log Command line argument: -Dcatalina.home=/Users/raymondcheng/Documents/HKUST/Year 2/2020 Spring/COMP 4321/Project/COMP4321_project/src/main/apache-tomcat-9.0.34
05-May-2020 18:27:37.242 INFO [main] org.apache.catalina.startup.VersionLoggerListener.log Command line argument: -Djava.io.tmpdir=/Users/raymondcheng/Documents/HKUST/Year 2/2020 Spring/COMP 4321/Project/COMP4321_project/src/main/apache-tomcat-9.0.34/temp
05-May-2020 18:27:37.242 INFO [main] org.apache.catalina.core.AprLifecycleListener.lifecycleEvent The APR based Apache Tomcat Native library which allows optimal performance in production environments was not found on the java.library.path: [/Users/raymondcheng/Library/Java/Extensions:/Library/Java/Extensions:/Network/Library/Java/Extensions:/System/Library/Java/Extensions:/usr/lib/java:.]
05-May-2020 18:27:37.505 INFO [main] org.apache.coyote.AbstractProtocol.init Initializing ProtocolHandler ["http-nio-8080"]
05-May-2020 18:27:37.536 INFO [main] org.apache.catalina.startup.Catalina.load Server initialization in [494] milliseconds
05-May-2020 18:27:37.576 INFO [main] org.apache.catalina.core.StandardService.startInternal Starting service [Catalina]
05-May-2020 18:27:37.576 INFO [main] org.apache.catalina.core.StandardEngine.startInternal Starting Servlet engine: [Apache Tomcat/9.0.34]
05-May-2020 18:27:37.584 INFO [main] org.apache.catalina.startup.HostConfig.deployDirectory Deploying web application directory [/Users/raymondcheng/Documents/HKUST/Year 2/2020 Spring/COMP 4321/Project/COMP4321_project/src/main/apache-tomcat-9.0.34/webapps/docs]
05-May-2020 18:27:37.793 INFO [main] org.apache.catalina.startup.HostConfig.deployDirectory Deployment of web application directory [/Users/raymondcheng/Documents/HKUST/Year 2/2020 Spring/COMP 4321/Project/COMP4321_project/src/main/apache-tomcat-9.0.34/webapps/docs] has finished in [208] ms
05-May-2020 18:27:37.793 INFO [main] org.apache.catalina.startup.HostConfig.deployDirectory Deploying web application directory [/Users/raymondcheng/Documents/HKUST/Year 2/2020 Spring/COMP 4321/Project/COMP4321_project/src/main/apache-tomcat-9.0.34/webapps/manager]
05-May-2020 18:27:37.826 INFO [main] org.apache.catalina.startup.HostConfig.deployDirectory Deployment of web application directory [/Users/raymondcheng/Documents/HKUST/Year 2/2020 Spring/COMP 4321/Project/COMP4321_project/src/main/apache-tomcat-9.0.34/webapps/manager] has finished in [33] ms
05-May-2020 18:27:37.827 INFO [main] org.apache.catalina.startup.HostConfig.deployDirectory Deploying web application directory [/Users/raymondcheng/Documents/HKUST/Year 2/2020 Spring/COMP 4321/Project/COMP4321_project/src/main/apache-tomcat-9.0.34/webapps/examples]
05-May-2020 18:27:38.039 INFO [main] org.apache.catalina.startup.HostConfig.deployDirectory Deployment of web application directory [/Users/raymondcheng/Documents/HKUST/Year 2/2020 Spring/COMP 4321/Project/COMP4321_project/src/main/apache-tomcat-9.0.34/webapps/examples] has finished in [213] ms
05-May-2020 18:27:38.039 INFO [main] org.apache.catalina.startup.HostConfig.deployDirectory Deploying web application directory [/Users/raymondcheng/Documents/HKUST/Year 2/2020 Spring/COMP 4321/Project/COMP4321_project/src/main/apache-tomcat-9.0.34/webapps/ROOT]
05-May-2020 18:27:38.063 INFO [main] org.apache.catalina.startup.HostConfig.deployDirectory Deployment of web application directory [/Users/raymondcheng/Documents/HKUST/Year 2/2020 Spring/COMP 4321/Project/COMP4321_project/src/main/apache-tomcat-9.0.34/webapps/ROOT] has finished in [24] ms
05-May-2020 18:27:38.063 INFO [main] org.apache.catalina.startup.HostConfig.deployDirectory Deploying web application directory [/Users/raymondcheng/Documents/HKUST/Year 2/2020 Spring/COMP 4321/Project/COMP4321_project/src/main/apache-tomcat-9.0.34/webapps/host-manager]
05-May-2020 18:27:38.082 INFO [main] org.apache.catalina.startup.HostConfig.deployDirectory Deployment of web application directory [/Users/raymondcheng/Documents/HKUST/Year 2/2020 Spring/COMP 4321/Project/COMP4321_project/src/main/apache-tomcat-9.0.34/webapps/host-manager] has finished in [19] ms
05-May-2020 18:27:38.088 INFO [main] org.apache.coyote.AbstractProtocol.start Starting ProtocolHandler ["http-nio-8080"]
05-May-2020 18:27:38.096 INFO [main] org.apache.catalina.startup.Catalina.start Server startup in [560] milliseconds
