05-May-2020 16:06:22.745 INFO [main] org.apache.catalina.core.ApplicationContext.log ContextListener: contextInitialized()
05-May-2020 16:06:22.745 INFO [main] org.apache.catalina.core.ApplicationContext.log SessionListener: contextInitialized()
05-May-2020 16:06:22.747 INFO [main] org.apache.catalina.core.ApplicationContext.log ContextListener: attributeAdded('StockTicker', 'async.Stockticker@37d3d232')
05-May-2020 16:07:06.278 INFO [main] org.apache.catalina.core.ApplicationContext.log SessionListener: contextDestroyed()
05-May-2020 16:07:06.278 INFO [main] org.apache.catalina.core.ApplicationContext.log ContextListener: contextDestroyed()
05-May-2020 16:09:56.092 INFO [main] org.apache.catalina.core.ApplicationContext.log ContextListener: contextInitialized()
05-May-2020 16:09:56.092 INFO [main] org.apache.catalina.core.ApplicationContext.log SessionListener: contextInitialized()
05-May-2020 16:09:56.093 INFO [main] org.apache.catalina.core.ApplicationContext.log ContextListener: attributeAdded('StockTicker', 'async.Stockticker@60d84f61')
05-May-2020 16:10:05.695 INFO [main] org.apache.catalina.core.ApplicationContext.log SessionListener: contextDestroyed()
05-May-2020 16:10:05.695 INFO [main] org.apache.catalina.core.ApplicationContext.log ContextListener: contextDestroyed()
05-May-2020 16:29:33.889 INFO [main] org.apache.catalina.core.ApplicationContext.log ContextListener: contextInitialized()
05-May-2020 16:29:33.889 INFO [main] org.apache.catalina.core.ApplicationContext.log SessionListener: contextInitialized()
05-May-2020 16:29:33.891 INFO [main] org.apache.catalina.core.ApplicationContext.log ContextListener: attributeAdded('StockTicker', 'async.Stockticker@1fe8d51b')
05-May-2020 16:29:35.593 INFO [main] org.apache.catalina.core.ApplicationContext.log ContextListener: contextInitialized()
05-May-2020 16:29:35.593 INFO [main] org.apache.catalina.core.ApplicationContext.log SessionListener: contextInitialized()
05-May-2020 16:29:35.595 INFO [main] org.apache.catalina.core.ApplicationContext.log ContextListener: attributeAdded('StockTicker', 'async.Stockticker@65f87a2c')
05-May-2020 16:29:35.655 INFO [main] org.apache.catalina.core.ApplicationContext.log SessionListener: contextDestroyed()
05-May-2020 16:29:35.655 INFO [main] org.apache.catalina.core.ApplicationContext.log ContextListener: contextDestroyed()
05-May-2020 16:29:37.511 INFO [main] org.apache.catalina.core.ApplicationContext.log ContextListener: contextInitialized()
05-May-2020 16:29:37.511 INFO [main] org.apache.catalina.core.ApplicationContext.log SessionListener: contextInitialized()
05-May-2020 16:29:37.513 INFO [main] org.apache.catalina.core.ApplicationContext.log ContextListener: attributeAdded('StockTicker', 'async.Stockticker@6ce1f601')
05-May-2020 16:29:37.587 INFO [main] org.apache.catalina.core.ApplicationContext.log SessionListener: contextDestroyed()
05-May-2020 16:29:37.587 INFO [main] org.apache.catalina.core.ApplicationContext.log ContextListener: contextDestroyed()
05-May-2020 16:31:46.861 SEVERE [http-nio-8080-exec-3] org.apache.catalina.core.StandardWrapperValve.invoke Servlet.service() for servlet [jsp] in context with path [] threw exception [Unable to compile class for JSP: 

An error occurred at line: [79] in the generated java file: [/Users/raymondcheng/Documents/HKUST/Year 2/2020 Spring/COMP 4321/Project/jsp_test/apache-tomcat-9.0.34/work/Catalina/localhost/ROOT/org/apache/jsp/lab4_jsp.java]
Syntax error, insert "}" to complete ClassBody

An error occurred at line: [12] in the jsp file: [/lab4.jsp]
String literal is not properly closed by a double-quote
9: The words you entered are:
10: <% String s = request.getParameter("txtname");
11:  if(s != null) { String[] words = s.split(" ");
12:  for (String w : words) { out.print(w + "
13:  "); } } %>
14: 
15: 


An error occurred at line: [12] in the jsp file: [/lab4.jsp]
Syntax error, insert ")" to complete Expression
9: The words you entered are:
10: <% String s = request.getParameter("txtname");
11:  if(s != null) { String[] words = s.split(" ");
12:  for (String w : words) { out.print(w + "
13:  "); } } %>
14: 
15: 


An error occurred at line: [13] in the jsp file: [/lab4.jsp]
Syntax error, insert "}" to complete Block
10: <% String s = request.getParameter("txtname");
11:  if(s != null) { String[] words = s.split(" ");
12:  for (String w : words) { out.print(w + "
13:  "); } } %>
14: 
15: 
16: 


An error occurred at line: [13] in the jsp file: [/lab4.jsp]
Syntax error, insert "else Statement" to complete IfStatement
10: <% String s = request.getParameter("txtname");
11:  if(s != null) { String[] words = s.split(" ");
12:  for (String w : words) { out.print(w + "
13:  "); } } %>
14: 
15: 
16: 


An error occurred at line: [13] in the jsp file: [/lab4.jsp]
Syntax error, insert "}" to complete Block
10: <% String s = request.getParameter("txtname");
11:  if(s != null) { String[] words = s.split(" ");
12:  for (String w : words) { out.print(w + "
13:  "); } } %>
14: 
15: 
16: 


An error occurred at line: [154] in the generated java file: [/Users/raymondcheng/Documents/HKUST/Year 2/2020 Spring/COMP 4321/Project/jsp_test/apache-tomcat-9.0.34/work/Catalina/localhost/ROOT/org/apache/jsp/lab4_jsp.java]
Syntax error on token "}", delete this token

Stacktrace:] with root cause
	org.apache.jasper.JasperException: Unable to compile class for JSP: 

An error occurred at line: [79] in the generated java file: [/Users/raymondcheng/Documents/HKUST/Year 2/2020 Spring/COMP 4321/Project/jsp_test/apache-tomcat-9.0.34/work/Catalina/localhost/ROOT/org/apache/jsp/lab4_jsp.java]
Syntax error, insert "}" to complete ClassBody

An error occurred at line: [12] in the jsp file: [/lab4.jsp]
String literal is not properly closed by a double-quote
9: The words you entered are:
10: <% String s = request.getParameter("txtname");
11:  if(s != null) { String[] words = s.split(" ");
12:  for (String w : words) { out.print(w + "
13:  "); } } %>
14: 
15: 


An error occurred at line: [12] in the jsp file: [/lab4.jsp]
Syntax error, insert ")" to complete Expression
9: The words you entered are:
10: <% String s = request.getParameter("txtname");
11:  if(s != null) { String[] words = s.split(" ");
12:  for (String w : words) { out.print(w + "
13:  "); } } %>
14: 
15: 


An error occurred at line: [13] in the jsp file: [/lab4.jsp]
Syntax error, insert "}" to complete Block
10: <% String s = request.getParameter("txtname");
11:  if(s != null) { String[] words = s.split(" ");
12:  for (String w : words) { out.print(w + "
13:  "); } } %>
14: 
15: 
16: 


An error occurred at line: [13] in the jsp file: [/lab4.jsp]
Syntax error, insert "else Statement" to complete IfStatement
10: <% String s = request.getParameter("txtname");
11:  if(s != null) { String[] words = s.split(" ");
12:  for (String w : words) { out.print(w + "
13:  "); } } %>
14: 
15: 
16: 


An error occurred at line: [13] in the jsp file: [/lab4.jsp]
Syntax error, insert "}" to complete Block
10: <% String s = request.getParameter("txtname");
11:  if(s != null) { String[] words = s.split(" ");
12:  for (String w : words) { out.print(w + "
13:  "); } } %>
14: 
15: 
16: 


An error occurred at line: [154] in the generated java file: [/Users/raymondcheng/Documents/HKUST/Year 2/2020 Spring/COMP 4321/Project/jsp_test/apache-tomcat-9.0.34/work/Catalina/localhost/ROOT/org/apache/jsp/lab4_jsp.java]
Syntax error on token "}", delete this token

Stacktrace:
		at org.apache.jasper.compiler.DefaultErrorHandler.javacError(DefaultErrorHandler.java:103)
		at org.apache.jasper.compiler.ErrorDispatcher.javacError(ErrorDispatcher.java:213)
		at org.apache.jasper.compiler.JDTCompiler.generateClass(JDTCompiler.java:541)
		at org.apache.jasper.compiler.Compiler.compile(Compiler.java:392)
		at org.apache.jasper.compiler.Compiler.compile(Compiler.java:362)
		at org.apache.jasper.compiler.Compiler.compile(Compiler.java:346)
		at org.apache.jasper.JspCompilationContext.compile(JspCompilationContext.java:605)
		at org.apache.jasper.servlet.JspServletWrapper.service(JspServletWrapper.java:400)
		at org.apache.jasper.servlet.JspServlet.serviceJspFile(JspServlet.java:385)
		at org.apache.jasper.servlet.JspServlet.service(JspServlet.java:329)
		at javax.servlet.http.HttpServlet.service(HttpServlet.java:741)
		at org.apache.catalina.core.ApplicationFilterChain.internalDoFilter(ApplicationFilterChain.java:231)
		at org.apache.catalina.core.ApplicationFilterChain.doFilter(ApplicationFilterChain.java:166)
		at org.apache.tomcat.websocket.server.WsFilter.doFilter(WsFilter.java:53)
		at org.apache.catalina.core.ApplicationFilterChain.internalDoFilter(ApplicationFilterChain.java:193)
		at org.apache.catalina.core.ApplicationFilterChain.doFilter(ApplicationFilterChain.java:166)
		at org.apache.catalina.core.StandardWrapperValve.invoke(StandardWrapperValve.java:202)
		at org.apache.catalina.core.StandardContextValve.invoke(StandardContextValve.java:96)
		at org.apache.catalina.authenticator.AuthenticatorBase.invoke(AuthenticatorBase.java:541)
		at org.apache.catalina.core.StandardHostValve.invoke(StandardHostValve.java:139)
		at org.apache.catalina.valves.ErrorReportValve.invoke(ErrorReportValve.java:92)
		at org.apache.catalina.valves.AbstractAccessLogValve.invoke(AbstractAccessLogValve.java:690)
		at org.apache.catalina.core.StandardEngineValve.invoke(StandardEngineValve.java:74)
		at org.apache.catalina.connector.CoyoteAdapter.service(CoyoteAdapter.java:343)
		at org.apache.coyote.http11.Http11Processor.service(Http11Processor.java:373)
		at org.apache.coyote.AbstractProcessorLight.process(AbstractProcessorLight.java:65)
		at org.apache.coyote.AbstractProtocol$ConnectionHandler.process(AbstractProtocol.java:868)
		at org.apache.tomcat.util.net.NioEndpoint$SocketProcessor.doRun(NioEndpoint.java:1590)
		at org.apache.tomcat.util.net.SocketProcessorBase.run(SocketProcessorBase.java:49)
		at java.base/java.util.concurrent.ThreadPoolExecutor.runWorker(ThreadPoolExecutor.java:1128)
		at java.base/java.util.concurrent.ThreadPoolExecutor$Worker.run(ThreadPoolExecutor.java:628)
		at org.apache.tomcat.util.threads.TaskThread$WrappingRunnable.run(TaskThread.java:61)
		at java.base/java.lang.Thread.run(Thread.java:834)
05-May-2020 16:32:20.473 SEVERE [http-nio-8080-exec-10] org.apache.catalina.core.StandardWrapperValve.invoke Servlet.service() for servlet [jsp] in context with path [] threw exception [Unable to compile class for JSP: 

An error occurred at line: [12] in the jsp file: [/lab4.jsp]
The method prin(String) is undefined for the type JspWriter
9: The words you entered are:
10: <% String s = request.getParameter("txtname");
11:  if(s != null) { String[] words = s.split(" ");
12:  for (String w : words) { out.prin(w + ""); } } %>
13: 
14: 
15: 


Stacktrace:] with root cause
	org.apache.jasper.JasperException: Unable to compile class for JSP: 

An error occurred at line: [12] in the jsp file: [/lab4.jsp]
The method prin(String) is undefined for the type JspWriter
9: The words you entered are:
10: <% String s = request.getParameter("txtname");
11:  if(s != null) { String[] words = s.split(" ");
12:  for (String w : words) { out.prin(w + ""); } } %>
13: 
14: 
15: 


Stacktrace:
		at org.apache.jasper.compiler.DefaultErrorHandler.javacError(DefaultErrorHandler.java:103)
		at org.apache.jasper.compiler.ErrorDispatcher.javacError(ErrorDispatcher.java:213)
		at org.apache.jasper.compiler.JDTCompiler.generateClass(JDTCompiler.java:541)
		at org.apache.jasper.compiler.Compiler.compile(Compiler.java:392)
		at org.apache.jasper.compiler.Compiler.compile(Compiler.java:362)
		at org.apache.jasper.compiler.Compiler.compile(Compiler.java:346)
		at org.apache.jasper.JspCompilationContext.compile(JspCompilationContext.java:605)
		at org.apache.jasper.servlet.JspServletWrapper.service(JspServletWrapper.java:400)
		at org.apache.jasper.servlet.JspServlet.serviceJspFile(JspServlet.java:385)
		at org.apache.jasper.servlet.JspServlet.service(JspServlet.java:329)
		at javax.servlet.http.HttpServlet.service(HttpServlet.java:741)
		at org.apache.catalina.core.ApplicationFilterChain.internalDoFilter(ApplicationFilterChain.java:231)
		at org.apache.catalina.core.ApplicationFilterChain.doFilter(ApplicationFilterChain.java:166)
		at org.apache.tomcat.websocket.server.WsFilter.doFilter(WsFilter.java:53)
		at org.apache.catalina.core.ApplicationFilterChain.internalDoFilter(ApplicationFilterChain.java:193)
		at org.apache.catalina.core.ApplicationFilterChain.doFilter(ApplicationFilterChain.java:166)
		at org.apache.catalina.core.StandardWrapperValve.invoke(StandardWrapperValve.java:202)
		at org.apache.catalina.core.StandardContextValve.invoke(StandardContextValve.java:96)
		at org.apache.catalina.authenticator.AuthenticatorBase.invoke(AuthenticatorBase.java:541)
		at org.apache.catalina.core.StandardHostValve.invoke(StandardHostValve.java:139)
		at org.apache.catalina.valves.ErrorReportValve.invoke(ErrorReportValve.java:92)
		at org.apache.catalina.valves.AbstractAccessLogValve.invoke(AbstractAccessLogValve.java:690)
		at org.apache.catalina.core.StandardEngineValve.invoke(StandardEngineValve.java:74)
		at org.apache.catalina.connector.CoyoteAdapter.service(CoyoteAdapter.java:343)
		at org.apache.coyote.http11.Http11Processor.service(Http11Processor.java:373)
		at org.apache.coyote.AbstractProcessorLight.process(AbstractProcessorLight.java:65)
		at org.apache.coyote.AbstractProtocol$ConnectionHandler.process(AbstractProtocol.java:868)
		at org.apache.tomcat.util.net.NioEndpoint$SocketProcessor.doRun(NioEndpoint.java:1590)
		at org.apache.tomcat.util.net.SocketProcessorBase.run(SocketProcessorBase.java:49)
		at java.base/java.util.concurrent.ThreadPoolExecutor.runWorker(ThreadPoolExecutor.java:1128)
		at java.base/java.util.concurrent.ThreadPoolExecutor$Worker.run(ThreadPoolExecutor.java:628)
		at org.apache.tomcat.util.threads.TaskThread$WrappingRunnable.run(TaskThread.java:61)
		at java.base/java.lang.Thread.run(Thread.java:834)
05-May-2020 16:42:21.441 SEVERE [http-nio-8080-exec-5] org.apache.catalina.core.StandardWrapperValve.invoke Servlet.service() for servlet [jsp] in context with path [] threw exception [Unable to compile class for JSP: 

An error occurred at line: [15] in the jsp file: [/lab4.jsp]
length cannot be resolved to a variable
12:     if(s != null){
13:         String[] words = s.split(" ");
14:         for (String w : words) {
15:             length = w.length();
16:             out.println(w.substring(0, length));
17:         }
18:     } 


An error occurred at line: [16] in the jsp file: [/lab4.jsp]
length cannot be resolved to a variable
13:         String[] words = s.split(" ");
14:         for (String w : words) {
15:             length = w.length();
16:             out.println(w.substring(0, length));
17:         }
18:     } 
19: %>


Stacktrace:] with root cause
	org.apache.jasper.JasperException: Unable to compile class for JSP: 

An error occurred at line: [15] in the jsp file: [/lab4.jsp]
length cannot be resolved to a variable
12:     if(s != null){
13:         String[] words = s.split(" ");
14:         for (String w : words) {
15:             length = w.length();
16:             out.println(w.substring(0, length));
17:         }
18:     } 


An error occurred at line: [16] in the jsp file: [/lab4.jsp]
length cannot be resolved to a variable
13:         String[] words = s.split(" ");
14:         for (String w : words) {
15:             length = w.length();
16:             out.println(w.substring(0, length));
17:         }
18:     } 
19: %>


Stacktrace:
		at org.apache.jasper.compiler.DefaultErrorHandler.javacError(DefaultErrorHandler.java:103)
		at org.apache.jasper.compiler.ErrorDispatcher.javacError(ErrorDispatcher.java:213)
		at org.apache.jasper.compiler.JDTCompiler.generateClass(JDTCompiler.java:541)
		at org.apache.jasper.compiler.Compiler.compile(Compiler.java:392)
		at org.apache.jasper.compiler.Compiler.compile(Compiler.java:362)
		at org.apache.jasper.compiler.Compiler.compile(Compiler.java:346)
		at org.apache.jasper.JspCompilationContext.compile(JspCompilationContext.java:605)
		at org.apache.jasper.servlet.JspServletWrapper.service(JspServletWrapper.java:400)
		at org.apache.jasper.servlet.JspServlet.serviceJspFile(JspServlet.java:385)
		at org.apache.jasper.servlet.JspServlet.service(JspServlet.java:329)
		at javax.servlet.http.HttpServlet.service(HttpServlet.java:741)
		at org.apache.catalina.core.ApplicationFilterChain.internalDoFilter(ApplicationFilterChain.java:231)
		at org.apache.catalina.core.ApplicationFilterChain.doFilter(ApplicationFilterChain.java:166)
		at org.apache.tomcat.websocket.server.WsFilter.doFilter(WsFilter.java:53)
		at org.apache.catalina.core.ApplicationFilterChain.internalDoFilter(ApplicationFilterChain.java:193)
		at org.apache.catalina.core.ApplicationFilterChain.doFilter(ApplicationFilterChain.java:166)
		at org.apache.catalina.core.StandardWrapperValve.invoke(StandardWrapperValve.java:202)
		at org.apache.catalina.core.StandardContextValve.invoke(StandardContextValve.java:96)
		at org.apache.catalina.authenticator.AuthenticatorBase.invoke(AuthenticatorBase.java:541)
		at org.apache.catalina.core.StandardHostValve.invoke(StandardHostValve.java:139)
		at org.apache.catalina.valves.ErrorReportValve.invoke(ErrorReportValve.java:92)
		at org.apache.catalina.valves.AbstractAccessLogValve.invoke(AbstractAccessLogValve.java:690)
		at org.apache.catalina.core.StandardEngineValve.invoke(StandardEngineValve.java:74)
		at org.apache.catalina.connector.CoyoteAdapter.service(CoyoteAdapter.java:343)
		at org.apache.coyote.http11.Http11Processor.service(Http11Processor.java:373)
		at org.apache.coyote.AbstractProcessorLight.process(AbstractProcessorLight.java:65)
		at org.apache.coyote.AbstractProtocol$ConnectionHandler.process(AbstractProtocol.java:868)
		at org.apache.tomcat.util.net.NioEndpoint$SocketProcessor.doRun(NioEndpoint.java:1590)
		at org.apache.tomcat.util.net.SocketProcessorBase.run(SocketProcessorBase.java:49)
		at java.base/java.util.concurrent.ThreadPoolExecutor.runWorker(ThreadPoolExecutor.java:1128)
		at java.base/java.util.concurrent.ThreadPoolExecutor$Worker.run(ThreadPoolExecutor.java:628)
		at org.apache.tomcat.util.threads.TaskThread$WrappingRunnable.run(TaskThread.java:61)
		at java.base/java.lang.Thread.run(Thread.java:834)
05-May-2020 16:42:28.395 SEVERE [http-nio-8080-exec-8] org.apache.catalina.core.StandardWrapperValve.invoke Servlet.service() for servlet [jsp] in context with path [] threw exception [Unable to compile class for JSP: 

An error occurred at line: [15] in the jsp file: [/lab4.jsp]
length cannot be resolved to a variable
12:     if(s != null){
13:         String[] words = s.split(" ");
14:         for (String w : words) {
15:             length = w.length();
16:             out.println(w.substring(0, length));
17:         }
18:     } 


An error occurred at line: [16] in the jsp file: [/lab4.jsp]
length cannot be resolved to a variable
13:         String[] words = s.split(" ");
14:         for (String w : words) {
15:             length = w.length();
16:             out.println(w.substring(0, length));
17:         }
18:     } 
19: %>


Stacktrace:] with root cause
	org.apache.jasper.JasperException: Unable to compile class for JSP: 

An error occurred at line: [15] in the jsp file: [/lab4.jsp]
length cannot be resolved to a variable
12:     if(s != null){
13:         String[] words = s.split(" ");
14:         for (String w : words) {
15:             length = w.length();
16:             out.println(w.substring(0, length));
17:         }
18:     } 


An error occurred at line: [16] in the jsp file: [/lab4.jsp]
length cannot be resolved to a variable
13:         String[] words = s.split(" ");
14:         for (String w : words) {
15:             length = w.length();
16:             out.println(w.substring(0, length));
17:         }
18:     } 
19: %>


Stacktrace:
		at org.apache.jasper.compiler.DefaultErrorHandler.javacError(DefaultErrorHandler.java:103)
		at org.apache.jasper.compiler.ErrorDispatcher.javacError(ErrorDispatcher.java:213)
		at org.apache.jasper.compiler.JDTCompiler.generateClass(JDTCompiler.java:541)
		at org.apache.jasper.compiler.Compiler.compile(Compiler.java:392)
		at org.apache.jasper.compiler.Compiler.compile(Compiler.java:362)
		at org.apache.jasper.compiler.Compiler.compile(Compiler.java:346)
		at org.apache.jasper.JspCompilationContext.compile(JspCompilationContext.java:605)
		at org.apache.jasper.servlet.JspServletWrapper.service(JspServletWrapper.java:400)
		at org.apache.jasper.servlet.JspServlet.serviceJspFile(JspServlet.java:385)
		at org.apache.jasper.servlet.JspServlet.service(JspServlet.java:329)
		at javax.servlet.http.HttpServlet.service(HttpServlet.java:741)
		at org.apache.catalina.core.ApplicationFilterChain.internalDoFilter(ApplicationFilterChain.java:231)
		at org.apache.catalina.core.ApplicationFilterChain.doFilter(ApplicationFilterChain.java:166)
		at org.apache.tomcat.websocket.server.WsFilter.doFilter(WsFilter.java:53)
		at org.apache.catalina.core.ApplicationFilterChain.internalDoFilter(ApplicationFilterChain.java:193)
		at org.apache.catalina.core.ApplicationFilterChain.doFilter(ApplicationFilterChain.java:166)
		at org.apache.catalina.core.StandardWrapperValve.invoke(StandardWrapperValve.java:202)
		at org.apache.catalina.core.StandardContextValve.invoke(StandardContextValve.java:96)
		at org.apache.catalina.authenticator.AuthenticatorBase.invoke(AuthenticatorBase.java:541)
		at org.apache.catalina.core.StandardHostValve.invoke(StandardHostValve.java:139)
		at org.apache.catalina.valves.ErrorReportValve.invoke(ErrorReportValve.java:92)
		at org.apache.catalina.valves.AbstractAccessLogValve.invoke(AbstractAccessLogValve.java:690)
		at org.apache.catalina.core.StandardEngineValve.invoke(StandardEngineValve.java:74)
		at org.apache.catalina.connector.CoyoteAdapter.service(CoyoteAdapter.java:343)
		at org.apache.coyote.http11.Http11Processor.service(Http11Processor.java:373)
		at org.apache.coyote.AbstractProcessorLight.process(AbstractProcessorLight.java:65)
		at org.apache.coyote.AbstractProtocol$ConnectionHandler.process(AbstractProtocol.java:868)
		at org.apache.tomcat.util.net.NioEndpoint$SocketProcessor.doRun(NioEndpoint.java:1590)
		at org.apache.tomcat.util.net.SocketProcessorBase.run(SocketProcessorBase.java:49)
		at java.base/java.util.concurrent.ThreadPoolExecutor.runWorker(ThreadPoolExecutor.java:1128)
		at java.base/java.util.concurrent.ThreadPoolExecutor$Worker.run(ThreadPoolExecutor.java:628)
		at org.apache.tomcat.util.threads.TaskThread$WrappingRunnable.run(TaskThread.java:61)
		at java.base/java.lang.Thread.run(Thread.java:834)
05-May-2020 16:42:33.684 SEVERE [http-nio-8080-exec-9] org.apache.catalina.core.StandardWrapperValve.invoke Servlet.service() for servlet [jsp] in context with path [] threw exception [Unable to compile class for JSP: 

An error occurred at line: [15] in the jsp file: [/lab4.jsp]
length cannot be resolved to a variable
12:     if(s != null){
13:         String[] words = s.split(" ");
14:         for (String w : words) {
15:             length = w.length();
16:             out.println(w.substring(0, length));
17:         }
18:     } 


An error occurred at line: [16] in the jsp file: [/lab4.jsp]
length cannot be resolved to a variable
13:         String[] words = s.split(" ");
14:         for (String w : words) {
15:             length = w.length();
16:             out.println(w.substring(0, length));
17:         }
18:     } 
19: %>


Stacktrace:] with root cause
	org.apache.jasper.JasperException: Unable to compile class for JSP: 

An error occurred at line: [15] in the jsp file: [/lab4.jsp]
length cannot be resolved to a variable
12:     if(s != null){
13:         String[] words = s.split(" ");
14:         for (String w : words) {
15:             length = w.length();
16:             out.println(w.substring(0, length));
17:         }
18:     } 


An error occurred at line: [16] in the jsp file: [/lab4.jsp]
length cannot be resolved to a variable
13:         String[] words = s.split(" ");
14:         for (String w : words) {
15:             length = w.length();
16:             out.println(w.substring(0, length));
17:         }
18:     } 
19: %>


Stacktrace:
		at org.apache.jasper.compiler.DefaultErrorHandler.javacError(DefaultErrorHandler.java:103)
		at org.apache.jasper.compiler.ErrorDispatcher.javacError(ErrorDispatcher.java:213)
		at org.apache.jasper.compiler.JDTCompiler.generateClass(JDTCompiler.java:541)
		at org.apache.jasper.compiler.Compiler.compile(Compiler.java:392)
		at org.apache.jasper.compiler.Compiler.compile(Compiler.java:362)
		at org.apache.jasper.compiler.Compiler.compile(Compiler.java:346)
		at org.apache.jasper.JspCompilationContext.compile(JspCompilationContext.java:605)
		at org.apache.jasper.servlet.JspServletWrapper.service(JspServletWrapper.java:400)
		at org.apache.jasper.servlet.JspServlet.serviceJspFile(JspServlet.java:385)
		at org.apache.jasper.servlet.JspServlet.service(JspServlet.java:329)
		at javax.servlet.http.HttpServlet.service(HttpServlet.java:741)
		at org.apache.catalina.core.ApplicationFilterChain.internalDoFilter(ApplicationFilterChain.java:231)
		at org.apache.catalina.core.ApplicationFilterChain.doFilter(ApplicationFilterChain.java:166)
		at org.apache.tomcat.websocket.server.WsFilter.doFilter(WsFilter.java:53)
		at org.apache.catalina.core.ApplicationFilterChain.internalDoFilter(ApplicationFilterChain.java:193)
		at org.apache.catalina.core.ApplicationFilterChain.doFilter(ApplicationFilterChain.java:166)
		at org.apache.catalina.core.StandardWrapperValve.invoke(StandardWrapperValve.java:202)
		at org.apache.catalina.core.StandardContextValve.invoke(StandardContextValve.java:96)
		at org.apache.catalina.authenticator.AuthenticatorBase.invoke(AuthenticatorBase.java:541)
		at org.apache.catalina.core.StandardHostValve.invoke(StandardHostValve.java:139)
		at org.apache.catalina.valves.ErrorReportValve.invoke(ErrorReportValve.java:92)
		at org.apache.catalina.valves.AbstractAccessLogValve.invoke(AbstractAccessLogValve.java:690)
		at org.apache.catalina.core.StandardEngineValve.invoke(StandardEngineValve.java:74)
		at org.apache.catalina.connector.CoyoteAdapter.service(CoyoteAdapter.java:343)
		at org.apache.coyote.http11.Http11Processor.service(Http11Processor.java:373)
		at org.apache.coyote.AbstractProcessorLight.process(AbstractProcessorLight.java:65)
		at org.apache.coyote.AbstractProtocol$ConnectionHandler.process(AbstractProtocol.java:868)
		at org.apache.tomcat.util.net.NioEndpoint$SocketProcessor.doRun(NioEndpoint.java:1590)
		at org.apache.tomcat.util.net.SocketProcessorBase.run(SocketProcessorBase.java:49)
		at java.base/java.util.concurrent.ThreadPoolExecutor.runWorker(ThreadPoolExecutor.java:1128)
		at java.base/java.util.concurrent.ThreadPoolExecutor$Worker.run(ThreadPoolExecutor.java:628)
		at org.apache.tomcat.util.threads.TaskThread$WrappingRunnable.run(TaskThread.java:61)
		at java.base/java.lang.Thread.run(Thread.java:834)
05-May-2020 16:46:54.752 SEVERE [http-nio-8080-exec-10] org.apache.catalina.core.StandardWrapperValve.invoke Servlet.service() for servlet [jsp] in context with path [] threw exception [Unable to compile class for JSP: 

An error occurred at line: [16] in the jsp file: [/lab4.jsp]
Invalid character constant
13:         String[] words = s.split(" ");
14:         for (String w : words) {
15:             int length = w.length();
16:             if (w.charAt(0)==''' && w.charAt(length-1) == '''){
17:                 w = w.substring(1, length-1)
18:             }
19:             out.println(w);


Stacktrace:] with root cause
	org.apache.jasper.JasperException: Unable to compile class for JSP: 

An error occurred at line: [16] in the jsp file: [/lab4.jsp]
Invalid character constant
13:         String[] words = s.split(" ");
14:         for (String w : words) {
15:             int length = w.length();
16:             if (w.charAt(0)==''' && w.charAt(length-1) == '''){
17:                 w = w.substring(1, length-1)
18:             }
19:             out.println(w);


Stacktrace:
		at org.apache.jasper.compiler.DefaultErrorHandler.javacError(DefaultErrorHandler.java:103)
		at org.apache.jasper.compiler.ErrorDispatcher.javacError(ErrorDispatcher.java:213)
		at org.apache.jasper.compiler.JDTCompiler.generateClass(JDTCompiler.java:541)
		at org.apache.jasper.compiler.Compiler.compile(Compiler.java:392)
		at org.apache.jasper.compiler.Compiler.compile(Compiler.java:362)
		at org.apache.jasper.compiler.Compiler.compile(Compiler.java:346)
		at org.apache.jasper.JspCompilationContext.compile(JspCompilationContext.java:605)
		at org.apache.jasper.servlet.JspServletWrapper.service(JspServletWrapper.java:400)
		at org.apache.jasper.servlet.JspServlet.serviceJspFile(JspServlet.java:385)
		at org.apache.jasper.servlet.JspServlet.service(JspServlet.java:329)
		at javax.servlet.http.HttpServlet.service(HttpServlet.java:741)
		at org.apache.catalina.core.ApplicationFilterChain.internalDoFilter(ApplicationFilterChain.java:231)
		at org.apache.catalina.core.ApplicationFilterChain.doFilter(ApplicationFilterChain.java:166)
		at org.apache.tomcat.websocket.server.WsFilter.doFilter(WsFilter.java:53)
		at org.apache.catalina.core.ApplicationFilterChain.internalDoFilter(ApplicationFilterChain.java:193)
		at org.apache.catalina.core.ApplicationFilterChain.doFilter(ApplicationFilterChain.java:166)
		at org.apache.catalina.core.StandardWrapperValve.invoke(StandardWrapperValve.java:202)
		at org.apache.catalina.core.StandardContextValve.invoke(StandardContextValve.java:96)
		at org.apache.catalina.authenticator.AuthenticatorBase.invoke(AuthenticatorBase.java:541)
		at org.apache.catalina.core.StandardHostValve.invoke(StandardHostValve.java:139)
		at org.apache.catalina.valves.ErrorReportValve.invoke(ErrorReportValve.java:92)
		at org.apache.catalina.valves.AbstractAccessLogValve.invoke(AbstractAccessLogValve.java:690)
		at org.apache.catalina.core.StandardEngineValve.invoke(StandardEngineValve.java:74)
		at org.apache.catalina.connector.CoyoteAdapter.service(CoyoteAdapter.java:343)
		at org.apache.coyote.http11.Http11Processor.service(Http11Processor.java:373)
		at org.apache.coyote.AbstractProcessorLight.process(AbstractProcessorLight.java:65)
		at org.apache.coyote.AbstractProtocol$ConnectionHandler.process(AbstractProtocol.java:868)
		at org.apache.tomcat.util.net.NioEndpoint$SocketProcessor.doRun(NioEndpoint.java:1590)
		at org.apache.tomcat.util.net.SocketProcessorBase.run(SocketProcessorBase.java:49)
		at java.base/java.util.concurrent.ThreadPoolExecutor.runWorker(ThreadPoolExecutor.java:1128)
		at java.base/java.util.concurrent.ThreadPoolExecutor$Worker.run(ThreadPoolExecutor.java:628)
		at org.apache.tomcat.util.threads.TaskThread$WrappingRunnable.run(TaskThread.java:61)
		at java.base/java.lang.Thread.run(Thread.java:834)
05-May-2020 16:47:16.984 SEVERE [http-nio-8080-exec-2] org.apache.catalina.core.StandardWrapperValve.invoke Servlet.service() for servlet [jsp] in context with path [] threw exception [Unable to compile class for JSP: 

An error occurred at line: [17] in the jsp file: [/lab4.jsp]
Syntax error, insert ";" to complete BlockStatements
14:         for (String w : words) {
15:             int length = w.length();
16:             if (w.charAt(0)=='\'' && w.charAt(length-1) == '\''){
17:                 w = w.substring(1, length-1)
18:             }
19:             out.println(w);
20:         }


Stacktrace:] with root cause
	org.apache.jasper.JasperException: Unable to compile class for JSP: 

An error occurred at line: [17] in the jsp file: [/lab4.jsp]
Syntax error, insert ";" to complete BlockStatements
14:         for (String w : words) {
15:             int length = w.length();
16:             if (w.charAt(0)=='\'' && w.charAt(length-1) == '\''){
17:                 w = w.substring(1, length-1)
18:             }
19:             out.println(w);
20:         }


Stacktrace:
		at org.apache.jasper.compiler.DefaultErrorHandler.javacError(DefaultErrorHandler.java:103)
		at org.apache.jasper.compiler.ErrorDispatcher.javacError(ErrorDispatcher.java:213)
		at org.apache.jasper.compiler.JDTCompiler.generateClass(JDTCompiler.java:541)
		at org.apache.jasper.compiler.Compiler.compile(Compiler.java:392)
		at org.apache.jasper.compiler.Compiler.compile(Compiler.java:362)
		at org.apache.jasper.compiler.Compiler.compile(Compiler.java:346)
		at org.apache.jasper.JspCompilationContext.compile(JspCompilationContext.java:605)
		at org.apache.jasper.servlet.JspServletWrapper.service(JspServletWrapper.java:400)
		at org.apache.jasper.servlet.JspServlet.serviceJspFile(JspServlet.java:385)
		at org.apache.jasper.servlet.JspServlet.service(JspServlet.java:329)
		at javax.servlet.http.HttpServlet.service(HttpServlet.java:741)
		at org.apache.catalina.core.ApplicationFilterChain.internalDoFilter(ApplicationFilterChain.java:231)
		at org.apache.catalina.core.ApplicationFilterChain.doFilter(ApplicationFilterChain.java:166)
		at org.apache.tomcat.websocket.server.WsFilter.doFilter(WsFilter.java:53)
		at org.apache.catalina.core.ApplicationFilterChain.internalDoFilter(ApplicationFilterChain.java:193)
		at org.apache.catalina.core.ApplicationFilterChain.doFilter(ApplicationFilterChain.java:166)
		at org.apache.catalina.core.StandardWrapperValve.invoke(StandardWrapperValve.java:202)
		at org.apache.catalina.core.StandardContextValve.invoke(StandardContextValve.java:96)
		at org.apache.catalina.authenticator.AuthenticatorBase.invoke(AuthenticatorBase.java:541)
		at org.apache.catalina.core.StandardHostValve.invoke(StandardHostValve.java:139)
		at org.apache.catalina.valves.ErrorReportValve.invoke(ErrorReportValve.java:92)
		at org.apache.catalina.valves.AbstractAccessLogValve.invoke(AbstractAccessLogValve.java:690)
		at org.apache.catalina.core.StandardEngineValve.invoke(StandardEngineValve.java:74)
		at org.apache.catalina.connector.CoyoteAdapter.service(CoyoteAdapter.java:343)
		at org.apache.coyote.http11.Http11Processor.service(Http11Processor.java:373)
		at org.apache.coyote.AbstractProcessorLight.process(AbstractProcessorLight.java:65)
		at org.apache.coyote.AbstractProtocol$ConnectionHandler.process(AbstractProtocol.java:868)
		at org.apache.tomcat.util.net.NioEndpoint$SocketProcessor.doRun(NioEndpoint.java:1590)
		at org.apache.tomcat.util.net.SocketProcessorBase.run(SocketProcessorBase.java:49)
		at java.base/java.util.concurrent.ThreadPoolExecutor.runWorker(ThreadPoolExecutor.java:1128)
		at java.base/java.util.concurrent.ThreadPoolExecutor$Worker.run(ThreadPoolExecutor.java:628)
		at org.apache.tomcat.util.threads.TaskThread$WrappingRunnable.run(TaskThread.java:61)
		at java.base/java.lang.Thread.run(Thread.java:834)
05-May-2020 16:51:17.980 SEVERE [http-nio-8080-exec-1] org.apache.catalina.core.StandardWrapperValve.invoke Servlet.service() for servlet [jsp] in context with path [] threw exception [Unable to compile class for JSP: 

An error occurred at line: [16] in the jsp file: [/lab4.jsp]
The operator * is undefined for the argument type(s) java.lang.String, java.lang.String
13:         String[] words = s.split(" ");
14:         for (String w : words) {
15:             int length = w.length();
16:             if (w.substring(0,2)==""" && w.substring(length-2,length)=="""){
17:                 out.println("Got them boys");
18:                 w = w.substring(1, length-1);
19:             }


An error occurred at line: [16] in the jsp file: [/lab4.jsp]
Syntax error on token "" && w.substring(length-2,length)=="", * expected
13:         String[] words = s.split(" ");
14:         for (String w : words) {
15:             int length = w.length();
16:             if (w.substring(0,2)==""" && w.substring(length-2,length)=="""){
17:                 out.println("Got them boys");
18:                 w = w.substring(1, length-1);
19:             }


Stacktrace:] with root cause
	org.apache.jasper.JasperException: Unable to compile class for JSP: 

An error occurred at line: [16] in the jsp file: [/lab4.jsp]
The operator * is undefined for the argument type(s) java.lang.String, java.lang.String
13:         String[] words = s.split(" ");
14:         for (String w : words) {
15:             int length = w.length();
16:             if (w.substring(0,2)==""" && w.substring(length-2,length)=="""){
17:                 out.println("Got them boys");
18:                 w = w.substring(1, length-1);
19:             }


An error occurred at line: [16] in the jsp file: [/lab4.jsp]
Syntax error on token "" && w.substring(length-2,length)=="", * expected
13:         String[] words = s.split(" ");
14:         for (String w : words) {
15:             int length = w.length();
16:             if (w.substring(0,2)==""" && w.substring(length-2,length)=="""){
17:                 out.println("Got them boys");
18:                 w = w.substring(1, length-1);
19:             }


Stacktrace:
		at org.apache.jasper.compiler.DefaultErrorHandler.javacError(DefaultErrorHandler.java:103)
		at org.apache.jasper.compiler.ErrorDispatcher.javacError(ErrorDispatcher.java:213)
		at org.apache.jasper.compiler.JDTCompiler.generateClass(JDTCompiler.java:541)
		at org.apache.jasper.compiler.Compiler.compile(Compiler.java:392)
		at org.apache.jasper.compiler.Compiler.compile(Compiler.java:362)
		at org.apache.jasper.compiler.Compiler.compile(Compiler.java:346)
		at org.apache.jasper.JspCompilationContext.compile(JspCompilationContext.java:605)
		at org.apache.jasper.servlet.JspServletWrapper.service(JspServletWrapper.java:400)
		at org.apache.jasper.servlet.JspServlet.serviceJspFile(JspServlet.java:385)
		at org.apache.jasper.servlet.JspServlet.service(JspServlet.java:329)
		at javax.servlet.http.HttpServlet.service(HttpServlet.java:741)
		at org.apache.catalina.core.ApplicationFilterChain.internalDoFilter(ApplicationFilterChain.java:231)
		at org.apache.catalina.core.ApplicationFilterChain.doFilter(ApplicationFilterChain.java:166)
		at org.apache.tomcat.websocket.server.WsFilter.doFilter(WsFilter.java:53)
		at org.apache.catalina.core.ApplicationFilterChain.internalDoFilter(ApplicationFilterChain.java:193)
		at org.apache.catalina.core.ApplicationFilterChain.doFilter(ApplicationFilterChain.java:166)
		at org.apache.catalina.core.StandardWrapperValve.invoke(StandardWrapperValve.java:202)
		at org.apache.catalina.core.StandardContextValve.invoke(StandardContextValve.java:96)
		at org.apache.catalina.authenticator.AuthenticatorBase.invoke(AuthenticatorBase.java:541)
		at org.apache.catalina.core.StandardHostValve.invoke(StandardHostValve.java:139)
		at org.apache.catalina.valves.ErrorReportValve.invoke(ErrorReportValve.java:92)
		at org.apache.catalina.valves.AbstractAccessLogValve.invoke(AbstractAccessLogValve.java:690)
		at org.apache.catalina.core.StandardEngineValve.invoke(StandardEngineValve.java:74)
		at org.apache.catalina.connector.CoyoteAdapter.service(CoyoteAdapter.java:343)
		at org.apache.coyote.http11.Http11Processor.service(Http11Processor.java:373)
		at org.apache.coyote.AbstractProcessorLight.process(AbstractProcessorLight.java:65)
		at org.apache.coyote.AbstractProtocol$ConnectionHandler.process(AbstractProtocol.java:868)
		at org.apache.tomcat.util.net.NioEndpoint$SocketProcessor.doRun(NioEndpoint.java:1590)
		at org.apache.tomcat.util.net.SocketProcessorBase.run(SocketProcessorBase.java:49)
		at java.base/java.util.concurrent.ThreadPoolExecutor.runWorker(ThreadPoolExecutor.java:1128)
		at java.base/java.util.concurrent.ThreadPoolExecutor$Worker.run(ThreadPoolExecutor.java:628)
		at org.apache.tomcat.util.threads.TaskThread$WrappingRunnable.run(TaskThread.java:61)
		at java.base/java.lang.Thread.run(Thread.java:834)
05-May-2020 16:51:47.599 SEVERE [http-nio-8080-exec-3] org.apache.catalina.core.StandardWrapperValve.invoke Servlet.service() for servlet [jsp] in context with path [] threw exception [An exception occurred processing [/lab4.jsp] at line [16]

13:         String[] words = s.split(" ");
14:         for (String w : words) {
15:             int length = w.length();
16:             if (w.substring(0,2)=="\"" && w.substring(length-2,length)=="\""){
17:                 out.println("Got them boys");
18:                 w = w.substring(1, length-1);
19:             }


Stacktrace:] with root cause
	java.lang.StringIndexOutOfBoundsException: begin 0, end 2, length 1
		at java.base/java.lang.String.checkBoundsBeginEnd(String.java:3319)
		at java.base/java.lang.String.substring(String.java:1874)
		at org.apache.jsp.lab4_jsp._jspService(lab4_jsp.java:133)
		at org.apache.jasper.runtime.HttpJspBase.service(HttpJspBase.java:71)
		at javax.servlet.http.HttpServlet.service(HttpServlet.java:741)
		at org.apache.jasper.servlet.JspServletWrapper.service(JspServletWrapper.java:477)
		at org.apache.jasper.servlet.JspServlet.serviceJspFile(JspServlet.java:385)
		at org.apache.jasper.servlet.JspServlet.service(JspServlet.java:329)
		at javax.servlet.http.HttpServlet.service(HttpServlet.java:741)
		at org.apache.catalina.core.ApplicationFilterChain.internalDoFilter(ApplicationFilterChain.java:231)
		at org.apache.catalina.core.ApplicationFilterChain.doFilter(ApplicationFilterChain.java:166)
		at org.apache.tomcat.websocket.server.WsFilter.doFilter(WsFilter.java:53)
		at org.apache.catalina.core.ApplicationFilterChain.internalDoFilter(ApplicationFilterChain.java:193)
		at org.apache.catalina.core.ApplicationFilterChain.doFilter(ApplicationFilterChain.java:166)
		at org.apache.catalina.core.StandardWrapperValve.invoke(StandardWrapperValve.java:202)
		at org.apache.catalina.core.StandardContextValve.invoke(StandardContextValve.java:96)
		at org.apache.catalina.authenticator.AuthenticatorBase.invoke(AuthenticatorBase.java:541)
		at org.apache.catalina.core.StandardHostValve.invoke(StandardHostValve.java:139)
		at org.apache.catalina.valves.ErrorReportValve.invoke(ErrorReportValve.java:92)
		at org.apache.catalina.valves.AbstractAccessLogValve.invoke(AbstractAccessLogValve.java:690)
		at org.apache.catalina.core.StandardEngineValve.invoke(StandardEngineValve.java:74)
		at org.apache.catalina.connector.CoyoteAdapter.service(CoyoteAdapter.java:343)
		at org.apache.coyote.http11.Http11Processor.service(Http11Processor.java:373)
		at org.apache.coyote.AbstractProcessorLight.process(AbstractProcessorLight.java:65)
		at org.apache.coyote.AbstractProtocol$ConnectionHandler.process(AbstractProtocol.java:868)
		at org.apache.tomcat.util.net.NioEndpoint$SocketProcessor.doRun(NioEndpoint.java:1590)
		at org.apache.tomcat.util.net.SocketProcessorBase.run(SocketProcessorBase.java:49)
		at java.base/java.util.concurrent.ThreadPoolExecutor.runWorker(ThreadPoolExecutor.java:1128)
		at java.base/java.util.concurrent.ThreadPoolExecutor$Worker.run(ThreadPoolExecutor.java:628)
		at org.apache.tomcat.util.threads.TaskThread$WrappingRunnable.run(TaskThread.java:61)
		at java.base/java.lang.Thread.run(Thread.java:834)
05-May-2020 17:17:33.545 SEVERE [http-nio-8080-exec-5] org.apache.catalina.core.StandardWrapperValve.invoke Servlet.service() for servlet [jsp] in context with path [] threw exception [Unable to compile class for JSP: 

An error occurred at line: [15] in the jsp file: [/lab4.jsp]
index cannot be resolved to a variable
12:     if(s != null){
13:         String[] words = s.split(" ");
14:         String[] words_phrases = new String[100];
15:         index=0;
16:         for (int i=0; i<words.length(); i++) {
17:             if (words[i].charAt(0)=='"'){
18:                 String phrase = words[i].substring(1,length);


An error occurred at line: [16] in the jsp file: [/lab4.jsp]
Cannot invoke length() on the array type String[]
13:         String[] words = s.split(" ");
14:         String[] words_phrases = new String[100];
15:         index=0;
16:         for (int i=0; i<words.length(); i++) {
17:             if (words[i].charAt(0)=='"'){
18:                 String phrase = words[i].substring(1,length);
19:                 for (int j=i+1; j<words.length(); j++){


An error occurred at line: [18] in the jsp file: [/lab4.jsp]
length cannot be resolved to a variable
15:         index=0;
16:         for (int i=0; i<words.length(); i++) {
17:             if (words[i].charAt(0)=='"'){
18:                 String phrase = words[i].substring(1,length);
19:                 for (int j=i+1; j<words.length(); j++){
20:                     int length = words[j].length();
21:                     if (words[j].charAt(length-1)=='"'){


An error occurred at line: [19] in the jsp file: [/lab4.jsp]
Cannot invoke length() on the array type String[]
16:         for (int i=0; i<words.length(); i++) {
17:             if (words[i].charAt(0)=='"'){
18:                 String phrase = words[i].substring(1,length);
19:                 for (int j=i+1; j<words.length(); j++){
20:                     int length = words[j].length();
21:                     if (words[j].charAt(length-1)=='"'){
22:                         phrase+=words[j].substring(0, length-1);


An error occurred at line: [28] in the jsp file: [/lab4.jsp]
index cannot be resolved to a variable
25:                         phrase+=words[j];
26:                     }
27:                 }
28:                 words_phrases[index++] = phrase;
29:                 i = j;
30:             }else{
31:                 words_phrases[index++] = words[i];


An error occurred at line: [29] in the jsp file: [/lab4.jsp]
j cannot be resolved to a variable
26:                     }
27:                 }
28:                 words_phrases[index++] = phrase;
29:                 i = j;
30:             }else{
31:                 words_phrases[index++] = words[i];
32:             }


An error occurred at line: [31] in the jsp file: [/lab4.jsp]
index cannot be resolved to a variable
28:                 words_phrases[index++] = phrase;
29:                 i = j;
30:             }else{
31:                 words_phrases[index++] = words[i];
32:             }
33:         }
34:         for (String w : words_phrases) {


Stacktrace:] with root cause
	org.apache.jasper.JasperException: Unable to compile class for JSP: 

An error occurred at line: [15] in the jsp file: [/lab4.jsp]
index cannot be resolved to a variable
12:     if(s != null){
13:         String[] words = s.split(" ");
14:         String[] words_phrases = new String[100];
15:         index=0;
16:         for (int i=0; i<words.length(); i++) {
17:             if (words[i].charAt(0)=='"'){
18:                 String phrase = words[i].substring(1,length);


An error occurred at line: [16] in the jsp file: [/lab4.jsp]
Cannot invoke length() on the array type String[]
13:         String[] words = s.split(" ");
14:         String[] words_phrases = new String[100];
15:         index=0;
16:         for (int i=0; i<words.length(); i++) {
17:             if (words[i].charAt(0)=='"'){
18:                 String phrase = words[i].substring(1,length);
19:                 for (int j=i+1; j<words.length(); j++){


An error occurred at line: [18] in the jsp file: [/lab4.jsp]
length cannot be resolved to a variable
15:         index=0;
16:         for (int i=0; i<words.length(); i++) {
17:             if (words[i].charAt(0)=='"'){
18:                 String phrase = words[i].substring(1,length);
19:                 for (int j=i+1; j<words.length(); j++){
20:                     int length = words[j].length();
21:                     if (words[j].charAt(length-1)=='"'){


An error occurred at line: [19] in the jsp file: [/lab4.jsp]
Cannot invoke length() on the array type String[]
16:         for (int i=0; i<words.length(); i++) {
17:             if (words[i].charAt(0)=='"'){
18:                 String phrase = words[i].substring(1,length);
19:                 for (int j=i+1; j<words.length(); j++){
20:                     int length = words[j].length();
21:                     if (words[j].charAt(length-1)=='"'){
22:                         phrase+=words[j].substring(0, length-1);


An error occurred at line: [28] in the jsp file: [/lab4.jsp]
index cannot be resolved to a variable
25:                         phrase+=words[j];
26:                     }
27:                 }
28:                 words_phrases[index++] = phrase;
29:                 i = j;
30:             }else{
31:                 words_phrases[index++] = words[i];


An error occurred at line: [29] in the jsp file: [/lab4.jsp]
j cannot be resolved to a variable
26:                     }
27:                 }
28:                 words_phrases[index++] = phrase;
29:                 i = j;
30:             }else{
31:                 words_phrases[index++] = words[i];
32:             }


An error occurred at line: [31] in the jsp file: [/lab4.jsp]
index cannot be resolved to a variable
28:                 words_phrases[index++] = phrase;
29:                 i = j;
30:             }else{
31:                 words_phrases[index++] = words[i];
32:             }
33:         }
34:         for (String w : words_phrases) {


Stacktrace:
		at org.apache.jasper.compiler.DefaultErrorHandler.javacError(DefaultErrorHandler.java:103)
		at org.apache.jasper.compiler.ErrorDispatcher.javacError(ErrorDispatcher.java:213)
		at org.apache.jasper.compiler.JDTCompiler.generateClass(JDTCompiler.java:541)
		at org.apache.jasper.compiler.Compiler.compile(Compiler.java:392)
		at org.apache.jasper.compiler.Compiler.compile(Compiler.java:362)
		at org.apache.jasper.compiler.Compiler.compile(Compiler.java:346)
		at org.apache.jasper.JspCompilationContext.compile(JspCompilationContext.java:605)
		at org.apache.jasper.servlet.JspServletWrapper.service(JspServletWrapper.java:400)
		at org.apache.jasper.servlet.JspServlet.serviceJspFile(JspServlet.java:385)
		at org.apache.jasper.servlet.JspServlet.service(JspServlet.java:329)
		at javax.servlet.http.HttpServlet.service(HttpServlet.java:741)
		at org.apache.catalina.core.ApplicationFilterChain.internalDoFilter(ApplicationFilterChain.java:231)
		at org.apache.catalina.core.ApplicationFilterChain.doFilter(ApplicationFilterChain.java:166)
		at org.apache.tomcat.websocket.server.WsFilter.doFilter(WsFilter.java:53)
		at org.apache.catalina.core.ApplicationFilterChain.internalDoFilter(ApplicationFilterChain.java:193)
		at org.apache.catalina.core.ApplicationFilterChain.doFilter(ApplicationFilterChain.java:166)
		at org.apache.catalina.core.StandardWrapperValve.invoke(StandardWrapperValve.java:202)
		at org.apache.catalina.core.StandardContextValve.invoke(StandardContextValve.java:96)
		at org.apache.catalina.authenticator.AuthenticatorBase.invoke(AuthenticatorBase.java:541)
		at org.apache.catalina.core.StandardHostValve.invoke(StandardHostValve.java:139)
		at org.apache.catalina.valves.ErrorReportValve.invoke(ErrorReportValve.java:92)
		at org.apache.catalina.valves.AbstractAccessLogValve.invoke(AbstractAccessLogValve.java:690)
		at org.apache.catalina.core.StandardEngineValve.invoke(StandardEngineValve.java:74)
		at org.apache.catalina.connector.CoyoteAdapter.service(CoyoteAdapter.java:343)
		at org.apache.coyote.http11.Http11Processor.service(Http11Processor.java:373)
		at org.apache.coyote.AbstractProcessorLight.process(AbstractProcessorLight.java:65)
		at org.apache.coyote.AbstractProtocol$ConnectionHandler.process(AbstractProtocol.java:868)
		at org.apache.tomcat.util.net.NioEndpoint$SocketProcessor.doRun(NioEndpoint.java:1590)
		at org.apache.tomcat.util.net.SocketProcessorBase.run(SocketProcessorBase.java:49)
		at java.base/java.util.concurrent.ThreadPoolExecutor.runWorker(ThreadPoolExecutor.java:1128)
		at java.base/java.util.concurrent.ThreadPoolExecutor$Worker.run(ThreadPoolExecutor.java:628)
		at org.apache.tomcat.util.threads.TaskThread$WrappingRunnable.run(TaskThread.java:61)
		at java.base/java.lang.Thread.run(Thread.java:834)
05-May-2020 17:18:01.421 SEVERE [http-nio-8080-exec-8] org.apache.catalina.core.StandardWrapperValve.invoke Servlet.service() for servlet [jsp] in context with path [] threw exception [Unable to compile class for JSP: 

An error occurred at line: [16] in the jsp file: [/lab4.jsp]
Cannot invoke length() on the array type String[]
13:         String[] words = s.split(" ");
14:         String[] words_phrases = new String[100];
15:         int index=0;
16:         for (int i=0; i<words.length(); i++) {
17:             if (words[i].charAt(0)=='"'){
18:                 String phrase = words[i].substring(1,length);
19:                 for (int j=i+1; j<words.length(); j++){


An error occurred at line: [18] in the jsp file: [/lab4.jsp]
length cannot be resolved to a variable
15:         int index=0;
16:         for (int i=0; i<words.length(); i++) {
17:             if (words[i].charAt(0)=='"'){
18:                 String phrase = words[i].substring(1,length);
19:                 for (int j=i+1; j<words.length(); j++){
20:                     int length = words[j].length();
21:                     if (words[j].charAt(length-1)=='"'){


An error occurred at line: [19] in the jsp file: [/lab4.jsp]
Cannot invoke length() on the array type String[]
16:         for (int i=0; i<words.length(); i++) {
17:             if (words[i].charAt(0)=='"'){
18:                 String phrase = words[i].substring(1,length);
19:                 for (int j=i+1; j<words.length(); j++){
20:                     int length = words[j].length();
21:                     if (words[j].charAt(length-1)=='"'){
22:                         phrase+=words[j].substring(0, length-1);


An error occurred at line: [29] in the jsp file: [/lab4.jsp]
j cannot be resolved to a variable
26:                     }
27:                 }
28:                 words_phrases[index++] = phrase;
29:                 i = j;
30:             }else{
31:                 words_phrases[index++] = words[i];
32:             }


Stacktrace:] with root cause
	org.apache.jasper.JasperException: Unable to compile class for JSP: 

An error occurred at line: [16] in the jsp file: [/lab4.jsp]
Cannot invoke length() on the array type String[]
13:         String[] words = s.split(" ");
14:         String[] words_phrases = new String[100];
15:         int index=0;
16:         for (int i=0; i<words.length(); i++) {
17:             if (words[i].charAt(0)=='"'){
18:                 String phrase = words[i].substring(1,length);
19:                 for (int j=i+1; j<words.length(); j++){


An error occurred at line: [18] in the jsp file: [/lab4.jsp]
length cannot be resolved to a variable
15:         int index=0;
16:         for (int i=0; i<words.length(); i++) {
17:             if (words[i].charAt(0)=='"'){
18:                 String phrase = words[i].substring(1,length);
19:                 for (int j=i+1; j<words.length(); j++){
20:                     int length = words[j].length();
21:                     if (words[j].charAt(length-1)=='"'){


An error occurred at line: [19] in the jsp file: [/lab4.jsp]
Cannot invoke length() on the array type String[]
16:         for (int i=0; i<words.length(); i++) {
17:             if (words[i].charAt(0)=='"'){
18:                 String phrase = words[i].substring(1,length);
19:                 for (int j=i+1; j<words.length(); j++){
20:                     int length = words[j].length();
21:                     if (words[j].charAt(length-1)=='"'){
22:                         phrase+=words[j].substring(0, length-1);


An error occurred at line: [29] in the jsp file: [/lab4.jsp]
j cannot be resolved to a variable
26:                     }
27:                 }
28:                 words_phrases[index++] = phrase;
29:                 i = j;
30:             }else{
31:                 words_phrases[index++] = words[i];
32:             }


Stacktrace:
		at org.apache.jasper.compiler.DefaultErrorHandler.javacError(DefaultErrorHandler.java:103)
		at org.apache.jasper.compiler.ErrorDispatcher.javacError(ErrorDispatcher.java:213)
		at org.apache.jasper.compiler.JDTCompiler.generateClass(JDTCompiler.java:541)
		at org.apache.jasper.compiler.Compiler.compile(Compiler.java:392)
		at org.apache.jasper.compiler.Compiler.compile(Compiler.java:362)
		at org.apache.jasper.compiler.Compiler.compile(Compiler.java:346)
		at org.apache.jasper.JspCompilationContext.compile(JspCompilationContext.java:605)
		at org.apache.jasper.servlet.JspServletWrapper.service(JspServletWrapper.java:400)
		at org.apache.jasper.servlet.JspServlet.serviceJspFile(JspServlet.java:385)
		at org.apache.jasper.servlet.JspServlet.service(JspServlet.java:329)
		at javax.servlet.http.HttpServlet.service(HttpServlet.java:741)
		at org.apache.catalina.core.ApplicationFilterChain.internalDoFilter(ApplicationFilterChain.java:231)
		at org.apache.catalina.core.ApplicationFilterChain.doFilter(ApplicationFilterChain.java:166)
		at org.apache.tomcat.websocket.server.WsFilter.doFilter(WsFilter.java:53)
		at org.apache.catalina.core.ApplicationFilterChain.internalDoFilter(ApplicationFilterChain.java:193)
		at org.apache.catalina.core.ApplicationFilterChain.doFilter(ApplicationFilterChain.java:166)
		at org.apache.catalina.core.StandardWrapperValve.invoke(StandardWrapperValve.java:202)
		at org.apache.catalina.core.StandardContextValve.invoke(StandardContextValve.java:96)
		at org.apache.catalina.authenticator.AuthenticatorBase.invoke(AuthenticatorBase.java:541)
		at org.apache.catalina.core.StandardHostValve.invoke(StandardHostValve.java:139)
		at org.apache.catalina.valves.ErrorReportValve.invoke(ErrorReportValve.java:92)
		at org.apache.catalina.valves.AbstractAccessLogValve.invoke(AbstractAccessLogValve.java:690)
		at org.apache.catalina.core.StandardEngineValve.invoke(StandardEngineValve.java:74)
		at org.apache.catalina.connector.CoyoteAdapter.service(CoyoteAdapter.java:343)
		at org.apache.coyote.http11.Http11Processor.service(Http11Processor.java:373)
		at org.apache.coyote.AbstractProcessorLight.process(AbstractProcessorLight.java:65)
		at org.apache.coyote.AbstractProtocol$ConnectionHandler.process(AbstractProtocol.java:868)
		at org.apache.tomcat.util.net.NioEndpoint$SocketProcessor.doRun(NioEndpoint.java:1590)
		at org.apache.tomcat.util.net.SocketProcessorBase.run(SocketProcessorBase.java:49)
		at java.base/java.util.concurrent.ThreadPoolExecutor.runWorker(ThreadPoolExecutor.java:1128)
		at java.base/java.util.concurrent.ThreadPoolExecutor$Worker.run(ThreadPoolExecutor.java:628)
		at org.apache.tomcat.util.threads.TaskThread$WrappingRunnable.run(TaskThread.java:61)
		at java.base/java.lang.Thread.run(Thread.java:834)
05-May-2020 17:18:35.556 SEVERE [http-nio-8080-exec-10] org.apache.catalina.core.StandardWrapperValve.invoke Servlet.service() for servlet [jsp] in context with path [] threw exception [Unable to compile class for JSP: 

An error occurred at line: [18] in the jsp file: [/lab4.jsp]
length cannot be resolved to a variable
15:         int index=0;
16:         for (int i=0; i<words.length; i++) {
17:             if (words[i].charAt(0)=='"'){
18:                 String phrase = words[i].substring(1,length);
19:                 for (int j=i+1; j<words.length; j++){
20:                     int length = words[j].length();
21:                     if (words[j].charAt(length-1)=='"'){


An error occurred at line: [29] in the jsp file: [/lab4.jsp]
j cannot be resolved to a variable
26:                     }
27:                 }
28:                 words_phrases[index++] = phrase;
29:                 i = j;
30:             }else{
31:                 words_phrases[index++] = words[i];
32:             }


Stacktrace:] with root cause
	org.apache.jasper.JasperException: Unable to compile class for JSP: 

An error occurred at line: [18] in the jsp file: [/lab4.jsp]
length cannot be resolved to a variable
15:         int index=0;
16:         for (int i=0; i<words.length; i++) {
17:             if (words[i].charAt(0)=='"'){
18:                 String phrase = words[i].substring(1,length);
19:                 for (int j=i+1; j<words.length; j++){
20:                     int length = words[j].length();
21:                     if (words[j].charAt(length-1)=='"'){


An error occurred at line: [29] in the jsp file: [/lab4.jsp]
j cannot be resolved to a variable
26:                     }
27:                 }
28:                 words_phrases[index++] = phrase;
29:                 i = j;
30:             }else{
31:                 words_phrases[index++] = words[i];
32:             }


Stacktrace:
		at org.apache.jasper.compiler.DefaultErrorHandler.javacError(DefaultErrorHandler.java:103)
		at org.apache.jasper.compiler.ErrorDispatcher.javacError(ErrorDispatcher.java:213)
		at org.apache.jasper.compiler.JDTCompiler.generateClass(JDTCompiler.java:541)
		at org.apache.jasper.compiler.Compiler.compile(Compiler.java:392)
		at org.apache.jasper.compiler.Compiler.compile(Compiler.java:362)
		at org.apache.jasper.compiler.Compiler.compile(Compiler.java:346)
		at org.apache.jasper.JspCompilationContext.compile(JspCompilationContext.java:605)
		at org.apache.jasper.servlet.JspServletWrapper.service(JspServletWrapper.java:400)
		at org.apache.jasper.servlet.JspServlet.serviceJspFile(JspServlet.java:385)
		at org.apache.jasper.servlet.JspServlet.service(JspServlet.java:329)
		at javax.servlet.http.HttpServlet.service(HttpServlet.java:741)
		at org.apache.catalina.core.ApplicationFilterChain.internalDoFilter(ApplicationFilterChain.java:231)
		at org.apache.catalina.core.ApplicationFilterChain.doFilter(ApplicationFilterChain.java:166)
		at org.apache.tomcat.websocket.server.WsFilter.doFilter(WsFilter.java:53)
		at org.apache.catalina.core.ApplicationFilterChain.internalDoFilter(ApplicationFilterChain.java:193)
		at org.apache.catalina.core.ApplicationFilterChain.doFilter(ApplicationFilterChain.java:166)
		at org.apache.catalina.core.StandardWrapperValve.invoke(StandardWrapperValve.java:202)
		at org.apache.catalina.core.StandardContextValve.invoke(StandardContextValve.java:96)
		at org.apache.catalina.authenticator.AuthenticatorBase.invoke(AuthenticatorBase.java:541)
		at org.apache.catalina.core.StandardHostValve.invoke(StandardHostValve.java:139)
		at org.apache.catalina.valves.ErrorReportValve.invoke(ErrorReportValve.java:92)
		at org.apache.catalina.valves.AbstractAccessLogValve.invoke(AbstractAccessLogValve.java:690)
		at org.apache.catalina.core.StandardEngineValve.invoke(StandardEngineValve.java:74)
		at org.apache.catalina.connector.CoyoteAdapter.service(CoyoteAdapter.java:343)
		at org.apache.coyote.http11.Http11Processor.service(Http11Processor.java:373)
		at org.apache.coyote.AbstractProcessorLight.process(AbstractProcessorLight.java:65)
		at org.apache.coyote.AbstractProtocol$ConnectionHandler.process(AbstractProtocol.java:868)
		at org.apache.tomcat.util.net.NioEndpoint$SocketProcessor.doRun(NioEndpoint.java:1590)
		at org.apache.tomcat.util.net.SocketProcessorBase.run(SocketProcessorBase.java:49)
		at java.base/java.util.concurrent.ThreadPoolExecutor.runWorker(ThreadPoolExecutor.java:1128)
		at java.base/java.util.concurrent.ThreadPoolExecutor$Worker.run(ThreadPoolExecutor.java:628)
		at org.apache.tomcat.util.threads.TaskThread$WrappingRunnable.run(TaskThread.java:61)
		at java.base/java.lang.Thread.run(Thread.java:834)
05-May-2020 17:19:11.240 SEVERE [http-nio-8080-exec-2] org.apache.catalina.core.StandardWrapperValve.invoke Servlet.service() for servlet [jsp] in context with path [] threw exception [Unable to compile class for JSP: 

An error occurred at line: [29] in the jsp file: [/lab4.jsp]
j cannot be resolved to a variable
26:                     }
27:                 }
28:                 words_phrases[index++] = phrase;
29:                 i = j;
30:             }else{
31:                 words_phrases[index++] = words[i];
32:             }


Stacktrace:] with root cause
	org.apache.jasper.JasperException: Unable to compile class for JSP: 

An error occurred at line: [29] in the jsp file: [/lab4.jsp]
j cannot be resolved to a variable
26:                     }
27:                 }
28:                 words_phrases[index++] = phrase;
29:                 i = j;
30:             }else{
31:                 words_phrases[index++] = words[i];
32:             }


Stacktrace:
		at org.apache.jasper.compiler.DefaultErrorHandler.javacError(DefaultErrorHandler.java:103)
		at org.apache.jasper.compiler.ErrorDispatcher.javacError(ErrorDispatcher.java:213)
		at org.apache.jasper.compiler.JDTCompiler.generateClass(JDTCompiler.java:541)
		at org.apache.jasper.compiler.Compiler.compile(Compiler.java:392)
		at org.apache.jasper.compiler.Compiler.compile(Compiler.java:362)
		at org.apache.jasper.compiler.Compiler.compile(Compiler.java:346)
		at org.apache.jasper.JspCompilationContext.compile(JspCompilationContext.java:605)
		at org.apache.jasper.servlet.JspServletWrapper.service(JspServletWrapper.java:400)
		at org.apache.jasper.servlet.JspServlet.serviceJspFile(JspServlet.java:385)
		at org.apache.jasper.servlet.JspServlet.service(JspServlet.java:329)
		at javax.servlet.http.HttpServlet.service(HttpServlet.java:741)
		at org.apache.catalina.core.ApplicationFilterChain.internalDoFilter(ApplicationFilterChain.java:231)
		at org.apache.catalina.core.ApplicationFilterChain.doFilter(ApplicationFilterChain.java:166)
		at org.apache.tomcat.websocket.server.WsFilter.doFilter(WsFilter.java:53)
		at org.apache.catalina.core.ApplicationFilterChain.internalDoFilter(ApplicationFilterChain.java:193)
		at org.apache.catalina.core.ApplicationFilterChain.doFilter(ApplicationFilterChain.java:166)
		at org.apache.catalina.core.StandardWrapperValve.invoke(StandardWrapperValve.java:202)
		at org.apache.catalina.core.StandardContextValve.invoke(StandardContextValve.java:96)
		at org.apache.catalina.authenticator.AuthenticatorBase.invoke(AuthenticatorBase.java:541)
		at org.apache.catalina.core.StandardHostValve.invoke(StandardHostValve.java:139)
		at org.apache.catalina.valves.ErrorReportValve.invoke(ErrorReportValve.java:92)
		at org.apache.catalina.valves.AbstractAccessLogValve.invoke(AbstractAccessLogValve.java:690)
		at org.apache.catalina.core.StandardEngineValve.invoke(StandardEngineValve.java:74)
		at org.apache.catalina.connector.CoyoteAdapter.service(CoyoteAdapter.java:343)
		at org.apache.coyote.http11.Http11Processor.service(Http11Processor.java:373)
		at org.apache.coyote.AbstractProcessorLight.process(AbstractProcessorLight.java:65)
		at org.apache.coyote.AbstractProtocol$ConnectionHandler.process(AbstractProtocol.java:868)
		at org.apache.tomcat.util.net.NioEndpoint$SocketProcessor.doRun(NioEndpoint.java:1590)
		at org.apache.tomcat.util.net.SocketProcessorBase.run(SocketProcessorBase.java:49)
		at java.base/java.util.concurrent.ThreadPoolExecutor.runWorker(ThreadPoolExecutor.java:1128)
		at java.base/java.util.concurrent.ThreadPoolExecutor$Worker.run(ThreadPoolExecutor.java:628)
		at org.apache.tomcat.util.threads.TaskThread$WrappingRunnable.run(TaskThread.java:61)
		at java.base/java.lang.Thread.run(Thread.java:834)
05-May-2020 17:26:55.420 SEVERE [http-nio-8080-exec-8] org.apache.catalina.core.StandardWrapperValve.invoke Servlet.service() for servlet [jsp] in context with path [] threw exception [Unable to compile class for JSP: 

An error occurred at line: [35] in the jsp file: [/lab4.jsp]
Syntax error on token "+", ++ expected
32:             }
33:         }
34:         for (String w : words_phrases) {
35:             out.println(w + <BR>);
36:         }
37:     } 
38: %>


An error occurred at line: [35] in the jsp file: [/lab4.jsp]
Syntax error on token ">", Expression expected after this token
32:             }
33:         }
34:         for (String w : words_phrases) {
35:             out.println(w + <BR>);
36:         }
37:     } 
38: %>


Stacktrace:] with root cause
	org.apache.jasper.JasperException: Unable to compile class for JSP: 

An error occurred at line: [35] in the jsp file: [/lab4.jsp]
Syntax error on token "+", ++ expected
32:             }
33:         }
34:         for (String w : words_phrases) {
35:             out.println(w + <BR>);
36:         }
37:     } 
38: %>


An error occurred at line: [35] in the jsp file: [/lab4.jsp]
Syntax error on token ">", Expression expected after this token
32:             }
33:         }
34:         for (String w : words_phrases) {
35:             out.println(w + <BR>);
36:         }
37:     } 
38: %>


Stacktrace:
		at org.apache.jasper.compiler.DefaultErrorHandler.javacError(DefaultErrorHandler.java:103)
		at org.apache.jasper.compiler.ErrorDispatcher.javacError(ErrorDispatcher.java:213)
		at org.apache.jasper.compiler.JDTCompiler.generateClass(JDTCompiler.java:541)
		at org.apache.jasper.compiler.Compiler.compile(Compiler.java:392)
		at org.apache.jasper.compiler.Compiler.compile(Compiler.java:362)
		at org.apache.jasper.compiler.Compiler.compile(Compiler.java:346)
		at org.apache.jasper.JspCompilationContext.compile(JspCompilationContext.java:605)
		at org.apache.jasper.servlet.JspServletWrapper.service(JspServletWrapper.java:400)
		at org.apache.jasper.servlet.JspServlet.serviceJspFile(JspServlet.java:385)
		at org.apache.jasper.servlet.JspServlet.service(JspServlet.java:329)
		at javax.servlet.http.HttpServlet.service(HttpServlet.java:741)
		at org.apache.catalina.core.ApplicationFilterChain.internalDoFilter(ApplicationFilterChain.java:231)
		at org.apache.catalina.core.ApplicationFilterChain.doFilter(ApplicationFilterChain.java:166)
		at org.apache.tomcat.websocket.server.WsFilter.doFilter(WsFilter.java:53)
		at org.apache.catalina.core.ApplicationFilterChain.internalDoFilter(ApplicationFilterChain.java:193)
		at org.apache.catalina.core.ApplicationFilterChain.doFilter(ApplicationFilterChain.java:166)
		at org.apache.catalina.core.StandardWrapperValve.invoke(StandardWrapperValve.java:202)
		at org.apache.catalina.core.StandardContextValve.invoke(StandardContextValve.java:96)
		at org.apache.catalina.authenticator.AuthenticatorBase.invoke(AuthenticatorBase.java:541)
		at org.apache.catalina.core.StandardHostValve.invoke(StandardHostValve.java:139)
		at org.apache.catalina.valves.ErrorReportValve.invoke(ErrorReportValve.java:92)
		at org.apache.catalina.valves.AbstractAccessLogValve.invoke(AbstractAccessLogValve.java:690)
		at org.apache.catalina.core.StandardEngineValve.invoke(StandardEngineValve.java:74)
		at org.apache.catalina.connector.CoyoteAdapter.service(CoyoteAdapter.java:343)
		at org.apache.coyote.http11.Http11Processor.service(Http11Processor.java:373)
		at org.apache.coyote.AbstractProcessorLight.process(AbstractProcessorLight.java:65)
		at org.apache.coyote.AbstractProtocol$ConnectionHandler.process(AbstractProtocol.java:868)
		at org.apache.tomcat.util.net.NioEndpoint$SocketProcessor.doRun(NioEndpoint.java:1590)
		at org.apache.tomcat.util.net.SocketProcessorBase.run(SocketProcessorBase.java:49)
		at java.base/java.util.concurrent.ThreadPoolExecutor.runWorker(ThreadPoolExecutor.java:1128)
		at java.base/java.util.concurrent.ThreadPoolExecutor$Worker.run(ThreadPoolExecutor.java:628)
		at org.apache.tomcat.util.threads.TaskThread$WrappingRunnable.run(TaskThread.java:61)
		at java.base/java.lang.Thread.run(Thread.java:834)
05-May-2020 17:30:22.358 SEVERE [http-nio-8080-exec-3] org.apache.catalina.core.StandardWrapperValve.invoke Servlet.service() for servlet [jsp] in context with path [] threw exception [Unable to compile class for JSP: 

An error occurred at line: [20] in the jsp file: [/lab4.jsp]
j cannot be resolved to a variable
17:         for (int i=0; i<words.length; i++) {
18:             if (words[i].charAt(0)=='"'){
19:                 String phrase = words[i].substring(1);
20:                 if (words[j].charAt(words[i].length-1)=='"'){
21:                     phrase = words[i].substring(0, words[i].length-1);
22:                     break;
23:                 }


An error occurred at line: [20] in the jsp file: [/lab4.jsp]
length cannot be resolved or is not a field
17:         for (int i=0; i<words.length; i++) {
18:             if (words[i].charAt(0)=='"'){
19:                 String phrase = words[i].substring(1);
20:                 if (words[j].charAt(words[i].length-1)=='"'){
21:                     phrase = words[i].substring(0, words[i].length-1);
22:                     break;
23:                 }


An error occurred at line: [21] in the jsp file: [/lab4.jsp]
length cannot be resolved or is not a field
18:             if (words[i].charAt(0)=='"'){
19:                 String phrase = words[i].substring(1);
20:                 if (words[j].charAt(words[i].length-1)=='"'){
21:                     phrase = words[i].substring(0, words[i].length-1);
22:                     break;
23:                 }
24:                 for (int j=i+1; j<words.length; j++){


Stacktrace:] with root cause
	org.apache.jasper.JasperException: Unable to compile class for JSP: 

An error occurred at line: [20] in the jsp file: [/lab4.jsp]
j cannot be resolved to a variable
17:         for (int i=0; i<words.length; i++) {
18:             if (words[i].charAt(0)=='"'){
19:                 String phrase = words[i].substring(1);
20:                 if (words[j].charAt(words[i].length-1)=='"'){
21:                     phrase = words[i].substring(0, words[i].length-1);
22:                     break;
23:                 }


An error occurred at line: [20] in the jsp file: [/lab4.jsp]
length cannot be resolved or is not a field
17:         for (int i=0; i<words.length; i++) {
18:             if (words[i].charAt(0)=='"'){
19:                 String phrase = words[i].substring(1);
20:                 if (words[j].charAt(words[i].length-1)=='"'){
21:                     phrase = words[i].substring(0, words[i].length-1);
22:                     break;
23:                 }


An error occurred at line: [21] in the jsp file: [/lab4.jsp]
length cannot be resolved or is not a field
18:             if (words[i].charAt(0)=='"'){
19:                 String phrase = words[i].substring(1);
20:                 if (words[j].charAt(words[i].length-1)=='"'){
21:                     phrase = words[i].substring(0, words[i].length-1);
22:                     break;
23:                 }
24:                 for (int j=i+1; j<words.length; j++){


Stacktrace:
		at org.apache.jasper.compiler.DefaultErrorHandler.javacError(DefaultErrorHandler.java:103)
		at org.apache.jasper.compiler.ErrorDispatcher.javacError(ErrorDispatcher.java:213)
		at org.apache.jasper.compiler.JDTCompiler.generateClass(JDTCompiler.java:541)
		at org.apache.jasper.compiler.Compiler.compile(Compiler.java:392)
		at org.apache.jasper.compiler.Compiler.compile(Compiler.java:362)
		at org.apache.jasper.compiler.Compiler.compile(Compiler.java:346)
		at org.apache.jasper.JspCompilationContext.compile(JspCompilationContext.java:605)
		at org.apache.jasper.servlet.JspServletWrapper.service(JspServletWrapper.java:400)
		at org.apache.jasper.servlet.JspServlet.serviceJspFile(JspServlet.java:385)
		at org.apache.jasper.servlet.JspServlet.service(JspServlet.java:329)
		at javax.servlet.http.HttpServlet.service(HttpServlet.java:741)
		at org.apache.catalina.core.ApplicationFilterChain.internalDoFilter(ApplicationFilterChain.java:231)
		at org.apache.catalina.core.ApplicationFilterChain.doFilter(ApplicationFilterChain.java:166)
		at org.apache.tomcat.websocket.server.WsFilter.doFilter(WsFilter.java:53)
		at org.apache.catalina.core.ApplicationFilterChain.internalDoFilter(ApplicationFilterChain.java:193)
		at org.apache.catalina.core.ApplicationFilterChain.doFilter(ApplicationFilterChain.java:166)
		at org.apache.catalina.core.StandardWrapperValve.invoke(StandardWrapperValve.java:202)
		at org.apache.catalina.core.StandardContextValve.invoke(StandardContextValve.java:96)
		at org.apache.catalina.authenticator.AuthenticatorBase.invoke(AuthenticatorBase.java:541)
		at org.apache.catalina.core.StandardHostValve.invoke(StandardHostValve.java:139)
		at org.apache.catalina.valves.ErrorReportValve.invoke(ErrorReportValve.java:92)
		at org.apache.catalina.valves.AbstractAccessLogValve.invoke(AbstractAccessLogValve.java:690)
		at org.apache.catalina.core.StandardEngineValve.invoke(StandardEngineValve.java:74)
		at org.apache.catalina.connector.CoyoteAdapter.service(CoyoteAdapter.java:343)
		at org.apache.coyote.http11.Http11Processor.service(Http11Processor.java:373)
		at org.apache.coyote.AbstractProcessorLight.process(AbstractProcessorLight.java:65)
		at org.apache.coyote.AbstractProtocol$ConnectionHandler.process(AbstractProtocol.java:868)
		at org.apache.tomcat.util.net.NioEndpoint$SocketProcessor.doRun(NioEndpoint.java:1590)
		at org.apache.tomcat.util.net.SocketProcessorBase.run(SocketProcessorBase.java:49)
		at java.base/java.util.concurrent.ThreadPoolExecutor.runWorker(ThreadPoolExecutor.java:1128)
		at java.base/java.util.concurrent.ThreadPoolExecutor$Worker.run(ThreadPoolExecutor.java:628)
		at org.apache.tomcat.util.threads.TaskThread$WrappingRunnable.run(TaskThread.java:61)
		at java.base/java.lang.Thread.run(Thread.java:834)
05-May-2020 17:30:33.455 SEVERE [http-nio-8080-exec-6] org.apache.catalina.core.StandardWrapperValve.invoke Servlet.service() for servlet [jsp] in context with path [] threw exception [Unable to compile class for JSP: 

An error occurred at line: [20] in the jsp file: [/lab4.jsp]
length cannot be resolved or is not a field
17:         for (int i=0; i<words.length; i++) {
18:             if (words[i].charAt(0)=='"'){
19:                 String phrase = words[i].substring(1);
20:                 if (words[i].charAt(words[i].length-1)=='"'){
21:                     phrase = words[i].substring(0, words[i].length-1);
22:                     break;
23:                 }


An error occurred at line: [21] in the jsp file: [/lab4.jsp]
length cannot be resolved or is not a field
18:             if (words[i].charAt(0)=='"'){
19:                 String phrase = words[i].substring(1);
20:                 if (words[i].charAt(words[i].length-1)=='"'){
21:                     phrase = words[i].substring(0, words[i].length-1);
22:                     break;
23:                 }
24:                 for (int j=i+1; j<words.length; j++){


Stacktrace:] with root cause
	org.apache.jasper.JasperException: Unable to compile class for JSP: 

An error occurred at line: [20] in the jsp file: [/lab4.jsp]
length cannot be resolved or is not a field
17:         for (int i=0; i<words.length; i++) {
18:             if (words[i].charAt(0)=='"'){
19:                 String phrase = words[i].substring(1);
20:                 if (words[i].charAt(words[i].length-1)=='"'){
21:                     phrase = words[i].substring(0, words[i].length-1);
22:                     break;
23:                 }


An error occurred at line: [21] in the jsp file: [/lab4.jsp]
length cannot be resolved or is not a field
18:             if (words[i].charAt(0)=='"'){
19:                 String phrase = words[i].substring(1);
20:                 if (words[i].charAt(words[i].length-1)=='"'){
21:                     phrase = words[i].substring(0, words[i].length-1);
22:                     break;
23:                 }
24:                 for (int j=i+1; j<words.length; j++){


Stacktrace:
		at org.apache.jasper.compiler.DefaultErrorHandler.javacError(DefaultErrorHandler.java:103)
		at org.apache.jasper.compiler.ErrorDispatcher.javacError(ErrorDispatcher.java:213)
		at org.apache.jasper.compiler.JDTCompiler.generateClass(JDTCompiler.java:541)
		at org.apache.jasper.compiler.Compiler.compile(Compiler.java:392)
		at org.apache.jasper.compiler.Compiler.compile(Compiler.java:362)
		at org.apache.jasper.compiler.Compiler.compile(Compiler.java:346)
		at org.apache.jasper.JspCompilationContext.compile(JspCompilationContext.java:605)
		at org.apache.jasper.servlet.JspServletWrapper.service(JspServletWrapper.java:400)
		at org.apache.jasper.servlet.JspServlet.serviceJspFile(JspServlet.java:385)
		at org.apache.jasper.servlet.JspServlet.service(JspServlet.java:329)
		at javax.servlet.http.HttpServlet.service(HttpServlet.java:741)
		at org.apache.catalina.core.ApplicationFilterChain.internalDoFilter(ApplicationFilterChain.java:231)
		at org.apache.catalina.core.ApplicationFilterChain.doFilter(ApplicationFilterChain.java:166)
		at org.apache.tomcat.websocket.server.WsFilter.doFilter(WsFilter.java:53)
		at org.apache.catalina.core.ApplicationFilterChain.internalDoFilter(ApplicationFilterChain.java:193)
		at org.apache.catalina.core.ApplicationFilterChain.doFilter(ApplicationFilterChain.java:166)
		at org.apache.catalina.core.StandardWrapperValve.invoke(StandardWrapperValve.java:202)
		at org.apache.catalina.core.StandardContextValve.invoke(StandardContextValve.java:96)
		at org.apache.catalina.authenticator.AuthenticatorBase.invoke(AuthenticatorBase.java:541)
		at org.apache.catalina.core.StandardHostValve.invoke(StandardHostValve.java:139)
		at org.apache.catalina.valves.ErrorReportValve.invoke(ErrorReportValve.java:92)
		at org.apache.catalina.valves.AbstractAccessLogValve.invoke(AbstractAccessLogValve.java:690)
		at org.apache.catalina.core.StandardEngineValve.invoke(StandardEngineValve.java:74)
		at org.apache.catalina.connector.CoyoteAdapter.service(CoyoteAdapter.java:343)
		at org.apache.coyote.http11.Http11Processor.service(Http11Processor.java:373)
		at org.apache.coyote.AbstractProcessorLight.process(AbstractProcessorLight.java:65)
		at org.apache.coyote.AbstractProtocol$ConnectionHandler.process(AbstractProtocol.java:868)
		at org.apache.tomcat.util.net.NioEndpoint$SocketProcessor.doRun(NioEndpoint.java:1590)
		at org.apache.tomcat.util.net.SocketProcessorBase.run(SocketProcessorBase.java:49)
		at java.base/java.util.concurrent.ThreadPoolExecutor.runWorker(ThreadPoolExecutor.java:1128)
		at java.base/java.util.concurrent.ThreadPoolExecutor$Worker.run(ThreadPoolExecutor.java:628)
		at org.apache.tomcat.util.threads.TaskThread$WrappingRunnable.run(TaskThread.java:61)
		at java.base/java.lang.Thread.run(Thread.java:834)
05-May-2020 18:18:45.869 INFO [main] org.apache.catalina.core.ApplicationContext.log SessionListener: contextDestroyed()
05-May-2020 18:18:45.869 INFO [main] org.apache.catalina.core.ApplicationContext.log ContextListener: contextDestroyed()
05-May-2020 18:24:20.904 INFO [main] org.apache.catalina.core.ApplicationContext.log ContextListener: contextInitialized()
05-May-2020 18:24:20.905 INFO [main] org.apache.catalina.core.ApplicationContext.log SessionListener: contextInitialized()
05-May-2020 18:24:20.906 INFO [main] org.apache.catalina.core.ApplicationContext.log ContextListener: attributeAdded('StockTicker', 'async.Stockticker@781e7326')
05-May-2020 18:24:44.028 INFO [main] org.apache.catalina.core.ApplicationContext.log SessionListener: contextDestroyed()
05-May-2020 18:24:44.028 INFO [main] org.apache.catalina.core.ApplicationContext.log ContextListener: contextDestroyed()
05-May-2020 18:27:38.034 INFO [main] org.apache.catalina.core.ApplicationContext.log ContextListener: contextInitialized()
05-May-2020 18:27:38.034 INFO [main] org.apache.catalina.core.ApplicationContext.log SessionListener: contextInitialized()
05-May-2020 18:27:38.035 INFO [main] org.apache.catalina.core.ApplicationContext.log ContextListener: attributeAdded('StockTicker', 'async.Stockticker@39c11e6c')
05-May-2020 18:29:18.167 SEVERE [http-nio-8080-exec-9] org.apache.catalina.core.StandardWrapperValve.invoke Servlet.service() for servlet [jsp] in context with path [] threw exception [An exception occurred processing [/search.jsp] at line [22]

19:                 ArrayList<String> words_phrases = new ArrayList<String>();
20:                 int index=0;
21:                 for (int i=0; i<words.length; i++) {
22:                     if (words[i].charAt(0)=='"'){
23:                         String phrase = "";
24:                         if (words[i].charAt(words[i].length()-1)=='"'){
25:                             phrase = words[i].substring(1, words[i].length()-1);


Stacktrace:] with root cause
	java.lang.StringIndexOutOfBoundsException: String index out of range: 0
		at java.base/java.lang.StringLatin1.charAt(StringLatin1.java:47)
		at java.base/java.lang.String.charAt(String.java:693)
		at org.apache.jsp.search_jsp._jspService(search_jsp.java:140)
		at org.apache.jasper.runtime.HttpJspBase.service(HttpJspBase.java:71)
		at javax.servlet.http.HttpServlet.service(HttpServlet.java:741)
		at org.apache.jasper.servlet.JspServletWrapper.service(JspServletWrapper.java:477)
		at org.apache.jasper.servlet.JspServlet.serviceJspFile(JspServlet.java:385)
		at org.apache.jasper.servlet.JspServlet.service(JspServlet.java:329)
		at javax.servlet.http.HttpServlet.service(HttpServlet.java:741)
		at org.apache.catalina.core.ApplicationFilterChain.internalDoFilter(ApplicationFilterChain.java:231)
		at org.apache.catalina.core.ApplicationFilterChain.doFilter(ApplicationFilterChain.java:166)
		at org.apache.tomcat.websocket.server.WsFilter.doFilter(WsFilter.java:53)
		at org.apache.catalina.core.ApplicationFilterChain.internalDoFilter(ApplicationFilterChain.java:193)
		at org.apache.catalina.core.ApplicationFilterChain.doFilter(ApplicationFilterChain.java:166)
		at org.apache.catalina.core.StandardWrapperValve.invoke(StandardWrapperValve.java:202)
		at org.apache.catalina.core.StandardContextValve.invoke(StandardContextValve.java:96)
		at org.apache.catalina.authenticator.AuthenticatorBase.invoke(AuthenticatorBase.java:541)
		at org.apache.catalina.core.StandardHostValve.invoke(StandardHostValve.java:139)
		at org.apache.catalina.valves.ErrorReportValve.invoke(ErrorReportValve.java:92)
		at org.apache.catalina.valves.AbstractAccessLogValve.invoke(AbstractAccessLogValve.java:690)
		at org.apache.catalina.core.StandardEngineValve.invoke(StandardEngineValve.java:74)
		at org.apache.catalina.connector.CoyoteAdapter.service(CoyoteAdapter.java:343)
		at org.apache.coyote.http11.Http11Processor.service(Http11Processor.java:373)
		at org.apache.coyote.AbstractProcessorLight.process(AbstractProcessorLight.java:65)
		at org.apache.coyote.AbstractProtocol$ConnectionHandler.process(AbstractProtocol.java:868)
		at org.apache.tomcat.util.net.NioEndpoint$SocketProcessor.doRun(NioEndpoint.java:1590)
		at org.apache.tomcat.util.net.SocketProcessorBase.run(SocketProcessorBase.java:49)
		at java.base/java.util.concurrent.ThreadPoolExecutor.runWorker(ThreadPoolExecutor.java:1128)
		at java.base/java.util.concurrent.ThreadPoolExecutor$Worker.run(ThreadPoolExecutor.java:628)
		at org.apache.tomcat.util.threads.TaskThread$WrappingRunnable.run(TaskThread.java:61)
		at java.base/java.lang.Thread.run(Thread.java:834)
