12-May-2020 11:25:47.099 INFO [main] org.apache.catalina.startup.VersionLoggerListener.log Server version name:   Apache Tomcat/9.0.34
12-May-2020 11:25:47.102 INFO [main] org.apache.catalina.startup.VersionLoggerListener.log Server built:          Apr 3 2020 12:02:52 UTC
12-May-2020 11:25:47.103 INFO [main] org.apache.catalina.startup.VersionLoggerListener.log Server version number: 9.0.34.0
12-May-2020 11:25:47.103 INFO [main] org.apache.catalina.startup.VersionLoggerListener.log OS Name:               Mac OS X
12-May-2020 11:25:47.103 INFO [main] org.apache.catalina.startup.VersionLoggerListener.log OS Version:            10.13.6
12-May-2020 11:25:47.103 INFO [main] org.apache.catalina.startup.VersionLoggerListener.log Architecture:          x86_64
12-May-2020 11:25:47.103 INFO [main] org.apache.catalina.startup.VersionLoggerListener.log Java Home:             /Library/Java/JavaVirtualMachines/jdk-11.0.1.jdk/Contents/Home
12-May-2020 11:25:47.103 INFO [main] org.apache.catalina.startup.VersionLoggerListener.log JVM Version:           11.0.1+13-LTS
12-May-2020 11:25:47.103 INFO [main] org.apache.catalina.startup.VersionLoggerListener.log JVM Vendor:            Oracle Corporation
12-May-2020 11:25:47.104 INFO [main] org.apache.catalina.startup.VersionLoggerListener.log CATALINA_BASE:         /Users/raymondcheng/Documents/HKUST/Year 2/2020 Spring/COMP 4321/Project/COMP4321_project/apache-tomcat-9.0.34
12-May-2020 11:25:47.104 INFO [main] org.apache.catalina.startup.VersionLoggerListener.log CATALINA_HOME:         /Users/raymondcheng/Documents/HKUST/Year 2/2020 Spring/COMP 4321/Project/COMP4321_project/apache-tomcat-9.0.34
12-May-2020 11:25:47.119 INFO [main] org.apache.catalina.startup.VersionLoggerListener.log Command line argument: --add-opens=java.base/java.lang=ALL-UNNAMED
12-May-2020 11:25:47.120 INFO [main] org.apache.catalina.startup.VersionLoggerListener.log Command line argument: --add-opens=java.base/java.io=ALL-UNNAMED
12-May-2020 11:25:47.120 INFO [main] org.apache.catalina.startup.VersionLoggerListener.log Command line argument: --add-opens=java.rmi/sun.rmi.transport=ALL-UNNAMED
12-May-2020 11:25:47.120 INFO [main] org.apache.catalina.startup.VersionLoggerListener.log Command line argument: -Djava.util.logging.config.file=/Users/raymondcheng/Documents/HKUST/Year 2/2020 Spring/COMP 4321/Project/COMP4321_project/apache-tomcat-9.0.34/conf/logging.properties
12-May-2020 11:25:47.120 INFO [main] org.apache.catalina.startup.VersionLoggerListener.log Command line argument: -Djava.util.logging.manager=org.apache.juli.ClassLoaderLogManager
12-May-2020 11:25:47.120 INFO [main] org.apache.catalina.startup.VersionLoggerListener.log Command line argument: -Djdk.tls.ephemeralDHKeySize=2048
12-May-2020 11:25:47.120 INFO [main] org.apache.catalina.startup.VersionLoggerListener.log Command line argument: -Djava.protocol.handler.pkgs=org.apache.catalina.webresources
12-May-2020 11:25:47.120 INFO [main] org.apache.catalina.startup.VersionLoggerListener.log Command line argument: -Dorg.apache.catalina.security.SecurityListener.UMASK=0027
12-May-2020 11:25:47.121 INFO [main] org.apache.catalina.startup.VersionLoggerListener.log Command line argument: -Dignore.endorsed.dirs=
12-May-2020 11:25:47.121 INFO [main] org.apache.catalina.startup.VersionLoggerListener.log Command line argument: -Dcatalina.base=/Users/raymondcheng/Documents/HKUST/Year 2/2020 Spring/COMP 4321/Project/COMP4321_project/apache-tomcat-9.0.34
12-May-2020 11:25:47.121 INFO [main] org.apache.catalina.startup.VersionLoggerListener.log Command line argument: -Dcatalina.home=/Users/raymondcheng/Documents/HKUST/Year 2/2020 Spring/COMP 4321/Project/COMP4321_project/apache-tomcat-9.0.34
12-May-2020 11:25:47.121 INFO [main] org.apache.catalina.startup.VersionLoggerListener.log Command line argument: -Djava.io.tmpdir=/Users/raymondcheng/Documents/HKUST/Year 2/2020 Spring/COMP 4321/Project/COMP4321_project/apache-tomcat-9.0.34/temp
12-May-2020 11:25:47.121 INFO [main] org.apache.catalina.core.AprLifecycleListener.lifecycleEvent The APR based Apache Tomcat Native library which allows optimal performance in production environments was not found on the java.library.path: [/Users/raymondcheng/Library/Java/Extensions:/Library/Java/Extensions:/Network/Library/Java/Extensions:/System/Library/Java/Extensions:/usr/lib/java:.]
12-May-2020 11:25:47.362 INFO [main] org.apache.coyote.AbstractProtocol.init Initializing ProtocolHandler ["http-nio-8080"]
12-May-2020 11:25:47.388 SEVERE [main] org.apache.catalina.util.LifecycleBase.handleSubClassException Failed to initialize component [Connector[HTTP/1.1-8080]]
	org.apache.catalina.LifecycleException: Protocol handler initialization failed
		at org.apache.catalina.connector.Connector.initInternal(Connector.java:1041)
		at org.apache.catalina.util.LifecycleBase.init(LifecycleBase.java:136)
		at org.apache.catalina.core.StandardService.initInternal(StandardService.java:533)
		at org.apache.catalina.util.LifecycleBase.init(LifecycleBase.java:136)
		at org.apache.catalina.core.StandardServer.initInternal(StandardServer.java:1057)
		at org.apache.catalina.util.LifecycleBase.init(LifecycleBase.java:136)
		at org.apache.catalina.startup.Catalina.load(Catalina.java:584)
		at org.apache.catalina.startup.Catalina.load(Catalina.java:607)
		at java.base/jdk.internal.reflect.NativeMethodAccessorImpl.invoke0(Native Method)
		at java.base/jdk.internal.reflect.NativeMethodAccessorImpl.invoke(NativeMethodAccessorImpl.java:62)
		at java.base/jdk.internal.reflect.DelegatingMethodAccessorImpl.invoke(DelegatingMethodAccessorImpl.java:43)
		at java.base/java.lang.reflect.Method.invoke(Method.java:566)
		at org.apache.catalina.startup.Bootstrap.load(Bootstrap.java:303)
		at org.apache.catalina.startup.Bootstrap.main(Bootstrap.java:473)
	Caused by: java.net.BindException: Address already in use
		at java.base/sun.nio.ch.Net.bind0(Native Method)
		at java.base/sun.nio.ch.Net.bind(Net.java:461)
		at java.base/sun.nio.ch.Net.bind(Net.java:453)
		at java.base/sun.nio.ch.ServerSocketChannelImpl.bind(ServerSocketChannelImpl.java:227)
		at java.base/sun.nio.ch.ServerSocketAdaptor.bind(ServerSocketAdaptor.java:80)
		at org.apache.tomcat.util.net.NioEndpoint.initServerSocket(NioEndpoint.java:228)
		at org.apache.tomcat.util.net.NioEndpoint.bind(NioEndpoint.java:211)
		at org.apache.tomcat.util.net.AbstractEndpoint.bindWithCleanup(AbstractEndpoint.java:1141)
		at org.apache.tomcat.util.net.AbstractEndpoint.init(AbstractEndpoint.java:1154)
		at org.apache.coyote.AbstractProtocol.init(AbstractProtocol.java:581)
		at org.apache.coyote.http11.AbstractHttp11Protocol.init(AbstractHttp11Protocol.java:74)
		at org.apache.catalina.connector.Connector.initInternal(Connector.java:1038)
		... 13 more
12-May-2020 11:25:47.390 INFO [main] org.apache.catalina.startup.Catalina.load Server initialization in [466] milliseconds
12-May-2020 11:25:47.435 INFO [main] org.apache.catalina.core.StandardService.startInternal Starting service [Catalina]
12-May-2020 11:25:47.435 INFO [main] org.apache.catalina.core.StandardEngine.startInternal Starting Servlet engine: [Apache Tomcat/9.0.34]
12-May-2020 11:25:47.442 INFO [main] org.apache.catalina.startup.HostConfig.deployDirectory Deploying web application directory [/Users/raymondcheng/Documents/HKUST/Year 2/2020 Spring/COMP 4321/Project/COMP4321_project/apache-tomcat-9.0.34/webapps/docs]
12-May-2020 11:25:47.658 INFO [main] org.apache.catalina.startup.HostConfig.deployDirectory Deployment of web application directory [/Users/raymondcheng/Documents/HKUST/Year 2/2020 Spring/COMP 4321/Project/COMP4321_project/apache-tomcat-9.0.34/webapps/docs] has finished in [216] ms
12-May-2020 11:25:47.659 INFO [main] org.apache.catalina.startup.HostConfig.deployDirectory Deploying web application directory [/Users/raymondcheng/Documents/HKUST/Year 2/2020 Spring/COMP 4321/Project/COMP4321_project/apache-tomcat-9.0.34/webapps/manager]
12-May-2020 11:25:47.689 INFO [main] org.apache.catalina.startup.HostConfig.deployDirectory Deployment of web application directory [/Users/raymondcheng/Documents/HKUST/Year 2/2020 Spring/COMP 4321/Project/COMP4321_project/apache-tomcat-9.0.34/webapps/manager] has finished in [30] ms
12-May-2020 11:25:47.690 INFO [main] org.apache.catalina.startup.HostConfig.deployDirectory Deploying web application directory [/Users/raymondcheng/Documents/HKUST/Year 2/2020 Spring/COMP 4321/Project/COMP4321_project/apache-tomcat-9.0.34/webapps/examples]
12-May-2020 11:25:47.954 INFO [main] org.apache.catalina.startup.HostConfig.deployDirectory Deployment of web application directory [/Users/raymondcheng/Documents/HKUST/Year 2/2020 Spring/COMP 4321/Project/COMP4321_project/apache-tomcat-9.0.34/webapps/examples] has finished in [263] ms
12-May-2020 11:25:47.954 INFO [main] org.apache.catalina.startup.HostConfig.deployDirectory Deploying web application directory [/Users/raymondcheng/Documents/HKUST/Year 2/2020 Spring/COMP 4321/Project/COMP4321_project/apache-tomcat-9.0.34/webapps/ROOT]
12-May-2020 11:25:48.035 INFO [main] org.apache.jasper.servlet.TldScanner.scanJars At least one JAR was scanned for TLDs yet contained no TLDs. Enable debug logging for this logger for a complete list of JARs that were scanned but no TLDs were found in them. Skipping unneeded JARs during scanning can improve startup time and JSP compilation time.
12-May-2020 11:25:48.036 INFO [main] org.apache.catalina.startup.HostConfig.deployDirectory Deployment of web application directory [/Users/raymondcheng/Documents/HKUST/Year 2/2020 Spring/COMP 4321/Project/COMP4321_project/apache-tomcat-9.0.34/webapps/ROOT] has finished in [82] ms
12-May-2020 11:25:48.037 INFO [main] org.apache.catalina.startup.HostConfig.deployDirectory Deploying web application directory [/Users/raymondcheng/Documents/HKUST/Year 2/2020 Spring/COMP 4321/Project/COMP4321_project/apache-tomcat-9.0.34/webapps/host-manager]
12-May-2020 11:25:48.058 INFO [main] org.apache.catalina.startup.HostConfig.deployDirectory Deployment of web application directory [/Users/raymondcheng/Documents/HKUST/Year 2/2020 Spring/COMP 4321/Project/COMP4321_project/apache-tomcat-9.0.34/webapps/host-manager] has finished in [22] ms
12-May-2020 11:25:48.063 INFO [main] org.apache.catalina.startup.Catalina.start Server startup in [673] milliseconds
12-May-2020 11:25:48.069 SEVERE [main] org.apache.catalina.core.StandardServer.await Failed to create server shutdown socket on address [localhost] and port [8005] (base port [8005] and offset [0])
	java.net.BindException: Address already in use (Bind failed)
		at java.base/java.net.PlainSocketImpl.socketBind(Native Method)
		at java.base/java.net.AbstractPlainSocketImpl.bind(AbstractPlainSocketImpl.java:436)
		at java.base/java.net.ServerSocket.bind(ServerSocket.java:381)
		at java.base/java.net.ServerSocket.<init>(ServerSocket.java:243)
		at org.apache.catalina.core.StandardServer.await(StandardServer.java:584)
		at org.apache.catalina.startup.Catalina.await(Catalina.java:721)
		at org.apache.catalina.startup.Catalina.start(Catalina.java:667)
		at java.base/jdk.internal.reflect.NativeMethodAccessorImpl.invoke0(Native Method)
		at java.base/jdk.internal.reflect.NativeMethodAccessorImpl.invoke(NativeMethodAccessorImpl.java:62)
		at java.base/jdk.internal.reflect.DelegatingMethodAccessorImpl.invoke(DelegatingMethodAccessorImpl.java:43)
		at java.base/java.lang.reflect.Method.invoke(Method.java:566)
		at org.apache.catalina.startup.Bootstrap.start(Bootstrap.java:343)
		at org.apache.catalina.startup.Bootstrap.main(Bootstrap.java:474)
12-May-2020 11:25:48.070 INFO [main] org.apache.coyote.AbstractProtocol.pause Pausing ProtocolHandler ["http-nio-8080"]
12-May-2020 11:25:48.070 INFO [main] org.apache.catalina.core.StandardService.stopInternal Stopping service [Catalina]
12-May-2020 11:25:48.087 INFO [main] org.apache.coyote.AbstractProtocol.stop Stopping ProtocolHandler ["http-nio-8080"]
12-May-2020 11:25:48.087 INFO [main] org.apache.coyote.AbstractProtocol.destroy Destroying ProtocolHandler ["http-nio-8080"]
12-May-2020 11:29:52.063 INFO [main] org.apache.catalina.core.StandardServer.await A valid shutdown command was received via the shutdown port. Stopping the Server instance.
12-May-2020 11:29:52.075 INFO [main] org.apache.coyote.AbstractProtocol.pause Pausing ProtocolHandler ["http-nio-8080"]
12-May-2020 11:29:52.085 INFO [main] org.apache.catalina.core.StandardService.stopInternal Stopping service [Catalina]
12-May-2020 11:29:52.136 INFO [main] org.apache.coyote.AbstractProtocol.stop Stopping ProtocolHandler ["http-nio-8080"]
12-May-2020 11:29:52.139 INFO [main] org.apache.coyote.AbstractProtocol.destroy Destroying ProtocolHandler ["http-nio-8080"]
